#
# A fatal error has been detected by the Java Runtime Environment:
#
#  SIGSEGV (0xb) at pc=0x000000012fbbf0bd, pid=69947, tid=259
#
# JRE version: Java(TM) SE Runtime Environment (17.0.4.1+1) (build 17.0.4.1+1-LTS-2)
# Java VM: Java HotSpot(TM) 64-Bit Server VM (17.0.4.1+1-LTS-2, mixed mode, sharing, tiered, compressed oops, compressed class ptrs, g1 gc, bsd-amd64)
# Problematic frame:
# C  0x000000012fbbf0bd
#
# No core dump will be written. Core dumps have been disabled. To enable core dumping, try "ulimit -c unlimited" before starting Java again
#
# If you would like to submit a bug report, please visit:
#   https://bugreport.java.com/bugreport/crash.jsp
# The crash happened outside the Java Virtual Machine in native code.
# See problematic frame for where to report the bug.
#

---------------  S U M M A R Y ------------

Command Line: -Dfile.encoding=UTF-8 -Duser.country=GB -Duser.language=en -Duser.variant com.mygdx.game.DesktopLauncher

Host: "MacBookAir7,2" x86_64 1800 MHz, 4 cores, 8G, Darwin 21.6.0, macOS 12.6.1 (21G217)
Time: Wed Dec 21 15:30:36 2022 IST elapsed time: 21.417475 seconds (0d 0h 0m 21s)

---------------  T H R E A D  ---------------

Current thread (0x00007f9b4f00e200):  JavaThread "main" [_thread_in_native, id=259, stack(0x00007ff7b4a70000,0x00007ff7b5270000)]

Stack: [0x00007ff7b4a70000,0x00007ff7b5270000],  sp=0x00007ff7b526a1a0,  free space=8168k
Native frames: (J=compiled Java code, j=interpreted, Vv=VM code, C=native code)
C  0x000000012fbbf0bd
C  [GLEngine+0xd654a]  glDrawElements_IMM_Exec+0x3b5
J 961  org.lwjgl.opengl.GL11C.nglDrawElements(IIIJ)V (0 bytes) @ 0x000000011c4c286f [0x000000011c4c27a0+0x00000000000000cf]
J 1402 c2 com.badlogic.gdx.graphics.g2d.SpriteBatch.flush()V (193 bytes) @ 0x000000011c50b6ec [0x000000011c50b000+0x00000000000006ec]
J 973 c1 com.badlogic.gdx.graphics.g2d.SpriteBatch.end()V (66 bytes) @ 0x00000001150dc144 [0x00000001150dc040+0x0000000000000104]
J 1364 c1 com.mygdx.game.Screen.PlayGame.render(F)V (494 bytes) @ 0x00000001151a1714 [0x000000011519f3a0+0x0000000000002374]
J 1245 c1 com.badlogic.gdx.backends.lwjgl3.Lwjgl3Window.update()Z (217 bytes) @ 0x000000011517136c [0x0000000115170620+0x0000000000000d4c]
j  com.badlogic.gdx.backends.lwjgl3.Lwjgl3Application.loop()V+111
j  com.badlogic.gdx.backends.lwjgl3.Lwjgl3Application.<init>(Lcom/badlogic/gdx/ApplicationListener;Lcom/badlogic/gdx/backends/lwjgl3/Lwjgl3ApplicationConfiguration;)V+269
j  com.mygdx.game.DesktopLauncher.main([Ljava/lang/String;)V+42
v  ~StubRoutines::call_stub
V  [libjvm.dylib+0x506ff1]  _ZN9JavaCalls11call_helperEP9JavaValueRK12methodHandleP17JavaCallArgumentsP10JavaThread+0x2a1
V  [libjvm.dylib+0x568a12]  _ZL17jni_invoke_staticP7JNIEnv_P9JavaValueP8_jobject11JNICallTypeP10_jmethodIDP18JNI_ArgumentPusherP10JavaThread+0x152
V  [libjvm.dylib+0x56bdd3]  jni_CallStaticVoidMethod+0x183
C  [libjli.dylib+0x50bf]  JavaMain+0x9bf
C  [libjli.dylib+0x7a5c]  __JVMInit_block_invoke+0x4c
C  [Foundation+0x41b21]  __NSBLOCKOPERATION_IS_CALLING_OUT_TO_A_BLOCK__+0x7
C  [Foundation+0x41a19]  -[NSBlockOperation main]+0x62
C  [Foundation+0x419af]  __NSOPERATION_IS_INVOKING_MAIN__+0x11
C  [Foundation+0x40c1b]  -[NSOperation start]+0x311
C  [Foundation+0x81527]  __NSThreadPerformPerform+0xb3
C  [CoreFoundation+0x8017b]  __CFRUNLOOP_IS_CALLING_OUT_TO_A_SOURCE0_PERFORM_FUNCTION__+0x11
C  [CoreFoundation+0x800e3]  __CFRunLoopDoSource0+0xb4
C  [CoreFoundation+0x7fe5d]  __CFRunLoopDoSources0+0xf2
C  [CoreFoundation+0x7e878]  __CFRunLoopRun+0x37c
C  [CoreFoundation+0x7de3c]  CFRunLoopRunSpecific+0x232
C  [libjli.dylib+0x70b2]  CreateExecutionEnvironment+0x182
C  [libjli.dylib+0x2c15]  JLI_Launch+0x585
C  [java+0x3c09]  main+0x189
C  0x000000010d17852e

Java frames: (J=compiled Java code, j=interpreted, Vv=VM code)
J 961  org.lwjgl.opengl.GL11C.nglDrawElements(IIIJ)V (0 bytes) @ 0x000000011c4c27f2 [0x000000011c4c27a0+0x0000000000000052]
J 1402 c2 com.badlogic.gdx.graphics.g2d.SpriteBatch.flush()V (193 bytes) @ 0x000000011c50b6ec [0x000000011c50b000+0x00000000000006ec]
J 973 c1 com.badlogic.gdx.graphics.g2d.SpriteBatch.end()V (66 bytes) @ 0x00000001150dc144 [0x00000001150dc040+0x0000000000000104]
J 1364 c1 com.mygdx.game.Screen.PlayGame.render(F)V (494 bytes) @ 0x00000001151a1714 [0x000000011519f3a0+0x0000000000002374]
J 1245 c1 com.badlogic.gdx.backends.lwjgl3.Lwjgl3Window.update()Z (217 bytes) @ 0x000000011517136c [0x0000000115170620+0x0000000000000d4c]
j  com.badlogic.gdx.backends.lwjgl3.Lwjgl3Application.loop()V+111
j  com.badlogic.gdx.backends.lwjgl3.Lwjgl3Application.<init>(Lcom/badlogic/gdx/ApplicationListener;Lcom/badlogic/gdx/backends/lwjgl3/Lwjgl3ApplicationConfiguration;)V+269
j  com.mygdx.game.DesktopLauncher.main([Ljava/lang/String;)V+42
v  ~StubRoutines::call_stub

siginfo: si_signo: 11 (SIGSEGV), si_code: 1 (SEGV_MAPERR), si_addr: 0x00007f9b518cc108

Register to memory mapping:

RAX=0x00007f9b51800008 points into unknown readable memory: 0x3f740000feffffff | ff ff ff fe 00 00 74 3f
RBX=0x0 is NULL
RCX=0x000000013cc4c6b0 points into unknown readable memory: 0x0000000000000000 | 00 00 00 00 00 00 00 00
RDX=0x00000000000cc100 is an unknown value
RSP=0x00007ff7b526a1a0 is pointing into the stack for thread: 0x00007f9b4f00e200
RBP=0x00007ff7b526a1a0 is pointing into the stack for thread: 0x00007f9b4f00e200
RSI=0x00007f9b4ea38428 points into unknown readable memory: 0x0000000129bca340 | 40 a3 bc 29 01 00 00 00
RDI=0x00007f9b51522000 points into unknown readable memory: 0x0000000000000000 | 00 00 00 00 00 00 00 00
R8 =0x0 is NULL
R9 =0x000000013cc4e6c0 points into unknown readable memory: 0x0000000000000000 | 00 00 00 00 00 00 00 00
R10=0x00007f9b4ea1a400 points into unknown readable memory: 0x0000000000000000 | 00 00 00 00 00 00 00 00
R11=0x0000000000000003 is an unknown value
R12=0x00007f9b51522000 points into unknown readable memory: 0x0000000000000000 | 00 00 00 00 00 00 00 00
R13=0x00007f9b4ea1a400 points into unknown readable memory: 0x0000000000000000 | 00 00 00 00 00 00 00 00
R14=0x00000000000000c0 is an unknown value
R15=0x00000000000000c0 is an unknown value


Registers:
RAX=0x00007f9b51800008, RBX=0x0000000000000000, RCX=0x000000013cc4c6b0, RDX=0x00000000000cc100
RSP=0x00007ff7b526a1a0, RBP=0x00007ff7b526a1a0, RSI=0x00007f9b4ea38428, RDI=0x00007f9b51522000
R8 =0x0000000000000000, R9 =0x000000013cc4e6c0, R10=0x00007f9b4ea1a400, R11=0x0000000000000003
R12=0x00007f9b51522000, R13=0x00007f9b4ea1a400, R14=0x00000000000000c0, R15=0x00000000000000c0
RIP=0x000000012fbbf0bd, EFLAGS=0x0000000000010206, ERR=0x0000000000000004
  TRAPNO=0x000000000000000e

Top of Stack: (sp=0x00007ff7b526a1a0)
0x00007ff7b526a1a0:   00007ff7b526a200 00007ffa3427454a
0x00007ff7b526a1b0:   00007ff7b526a200 00007f9b4ea1a840
0x00007ff7b526a1c0:   0000000000000004 00000000000000c0
0x00007ff7b526a1d0:   000000c000000004 00000000ffffffff
0x00007ff7b526a1e0:   0000000000000000 0000000787f282a8
0x00007ff7b526a1f0:   00007ff7b526a240 00007f9b4f00e200
0x00007ff7b526a200:   00007ff7b526a250 000000011c4c286f
0x00007ff7b526a210:   0000000000000003 0000000100000002
0x00007ff7b526a220:   00000007f0fe504f 0000000787f6c608
0x00007ff7b526a230:   0000000787271e28 0000000787d09b18
0x00007ff7b526a240:   0000000787271e28 00000001150dc42c
0x00007ff7b526a250:   0000000787f427a0 000000011c50b6ec
0x00007ff7b526a260:   00000007f0fe84f4 0000000787f23808
0x00007ff7b526a270:   000000c000000001 000000078720e8f0
0x00007ff7b526a280:   000000c0f0fe4701 f0fed8c100000000
0x00007ff7b526a290:   00000007f0fe4701 00000007872151e8
0x00007ff7b526a2a0:   0000000063a2d944 0000000011fbd608
0x00007ff7b526a2b0:   00007ff7b526a590 000000011519bd8c
0x00007ff7b526a2c0:   f0e98cebf0e70b54 0000000700000007
0x00007ff7b526a2d0:   00007ff7b526a590 00000001150dc144
0x00007ff7b526a2e0:   000000000000000e 000000011c485a21
0x00007ff7b526a2f0:   0000000000000011 000000011c491092
0x00007ff7b526a300:   00000007870aae38 0000000787e8a6d8
0x00007ff7b526a310:   00000007870aae70 000000078720e8f0
0x00007ff7b526a320:   000000078720e8f0 000000078749fa08
0x00007ff7b526a330:   0000000787349600 00007ff7b526a590
0x00007ff7b526a340:   00007ff7b526a590 00000001151a1714
0x00007ff7b526a350:   0000000000000001 0000000000000001
0x00007ff7b526a360:   000000078707bc40 000000078707bc10
0x00007ff7b526a370:   0000000787ccaa90 0000000e00000000
0x00007ff7b526a380:   0000000000000000 0000000000000079
0x00007ff7b526a390:   00007ff700000283 0000000787063580 

Instructions: (pc=0x000000012fbbf0bd)
0x000000012fbbefbd:   00 00 00 00 00 00 00 00 00 00 00 00 00 00 00 00
0x000000012fbbefcd:   00 00 00 00 00 00 00 00 00 00 00 00 00 00 00 00
0x000000012fbbefdd:   00 00 00 00 00 00 00 00 00 00 00 00 00 00 00 00
0x000000012fbbefed:   00 00 00 00 00 00 00 00 00 00 00 00 00 00 00 00
0x000000012fbbeffd:   00 00 00 00 00 00 00 01 00 00 00 00 00 00 00 01
0x000000012fbbf00d:   00 00 00 e4 00 00 00 39 00 00 00 4e 00 00 00 93
0x000000012fbbf01d:   00 00 00 14 00 00 00 00 00 00 00 01 7a 52 00 01
0x000000012fbbf02d:   78 10 01 10 0c 07 08 90 01 00 00 24 00 00 00 1c
0x000000012fbbf03d:   00 00 00 20 00 00 00 00 00 00 00 dc 00 00 00 00
0x000000012fbbf04d:   00 00 00 00 41 0e 10 86 02 43 0d 06 00 00 00 00
0x000000012fbbf05d:   00 00 00 55 48 89 e5 41 89 d0 48 8b 8f 80 a2 00
0x000000012fbbf06d:   00 4c 8b 8f a0 a2 00 00 4c 8b 97 a8 a5 00 00 48
0x000000012fbbf07d:   83 c1 30 48 63 f6 48 01 f6 48 03 b7 80 a5 00 00
0x000000012fbbf08d:   66 0f ef c0 eb 15 66 66 66 66 2e 0f 1f 84 00 00
0x000000012fbbf09d:   00 00 00 48 83 c1 30 48 83 c6 02 0f b7 16 44 01
0x000000012fbbf0ad:   c2 49 8b 82 50 04 00 00 48 c1 e2 02 48 8d 14 92
0x000000012fbbf0bd:   f3 0f 10 0c 10 66 0f 60 c8 66 0f 61 c8 0f 5b c9
0x000000012fbbf0cd:   0f 59 8f 70 01 00 00 0f 29 49 d0 49 8b 82 48 04
0x000000012fbbf0dd:   00 00 f2 0f 10 0c 10 c7 45 f8 00 00 00 00 c7 45
0x000000012fbbf0ed:   fc 00 00 80 3f f2 0f 10 55 f8 f2 0f 11 49 e0 f2
0x000000012fbbf0fd:   0f 11 51 e8 49 8b 82 40 04 00 00 f2 0f 10 0c 10
0x000000012fbbf10d:   c7 45 f8 00 00 00 00 c7 45 fc 00 00 80 3f f2 0f
0x000000012fbbf11d:   10 55 f8 f2 0f 11 49 f0 f2 0f 11 51 f8 4c 39 c9
0x000000012fbbf12d:   0f 85 6d ff ff ff 48 89 8f 80 a2 00 00 5d c3 00
0x000000012fbbf13d:   00 00 00 00 00 00 00 00 00 00 00 00 00 00 00 00
0x000000012fbbf14d:   00 00 00 00 00 00 00 00 00 00 00 00 00 00 00 00
0x000000012fbbf15d:   00 00 00 00 00 00 00 00 00 00 00 00 00 00 00 00
0x000000012fbbf16d:   00 00 00 00 00 00 00 00 00 00 00 00 00 00 00 00
0x000000012fbbf17d:   00 00 00 00 00 00 00 00 00 00 00 00 00 00 00 00
0x000000012fbbf18d:   00 00 00 00 00 00 00 00 00 00 00 00 00 00 00 00
0x000000012fbbf19d:   00 00 00 00 00 00 00 00 00 00 00 00 00 00 00 00
0x000000012fbbf1ad:   00 00 00 00 00 00 00 00 00 00 00 00 00 00 00 00 


Stack slot to memory mapping:
stack at sp + 0 slots: 0x00007ff7b526a200 is pointing into the stack for thread: 0x00007f9b4f00e200
stack at sp + 1 slots: 0x00007ffa3427454a: glDrawElements_IMM_Exec+0x3b5 in /System/Library/Frameworks/OpenGL.framework/Versions/A/Resources/GLEngine.bundle/GLEngine at 0x00007ffa3419e000
stack at sp + 2 slots: 0x00007ff7b526a200 is pointing into the stack for thread: 0x00007f9b4f00e200
stack at sp + 3 slots: 0x00007f9b4ea1a840 points into unknown readable memory: 0x00007f9b51800000 | 00 00 80 51 9b 7f 00 00
stack at sp + 4 slots: 0x0000000000000004 is an unknown value
stack at sp + 5 slots: 0x00000000000000c0 is an unknown value
stack at sp + 6 slots: 0x000000c000000004 is an unknown value
stack at sp + 7 slots: 0x00000000ffffffff is an unknown value


---------------  P R O C E S S  ---------------

Threads class SMR info:
_java_thread_list=0x00006000019b4ae0, length=11, elements={
0x00007f9b4f00e200, 0x00007f9b50812600, 0x00007f9b4f029600, 0x00007f9b4f029c00,
0x00007f9b4f02a200, 0x00007f9b4f02a800, 0x00007f9b4f02ae00, 0x00007f9b50867400,
0x00007f9b50031000, 0x00007f9b50033600, 0x00007f9b50866e00
}

Java Threads: ( => current thread )
=>0x00007f9b4f00e200 JavaThread "main" [_thread_in_native, id=259, stack(0x00007ff7b4a70000,0x00007ff7b5270000)]
  0x00007f9b50812600 JavaThread "Reference Handler" daemon [_thread_blocked, id=16131, stack(0x000070000be73000,0x000070000bf73000)]
  0x00007f9b4f029600 JavaThread "Finalizer" daemon [_thread_blocked, id=17667, stack(0x000070000bf76000,0x000070000c076000)]
  0x00007f9b4f029c00 JavaThread "Signal Dispatcher" daemon [_thread_blocked, id=42499, stack(0x000070000c17f000,0x000070000c27f000)]
  0x00007f9b4f02a200 JavaThread "Service Thread" daemon [_thread_blocked, id=22531, stack(0x000070000c282000,0x000070000c382000)]
  0x00007f9b4f02a800 JavaThread "Monitor Deflation Thread" daemon [_thread_blocked, id=41987, stack(0x000070000c385000,0x000070000c485000)]
  0x00007f9b4f02ae00 JavaThread "C2 CompilerThread0" daemon [_thread_blocked, id=41731, stack(0x000070000c488000,0x000070000c588000)]
  0x00007f9b50867400 JavaThread "C1 CompilerThread0" daemon [_thread_blocked, id=41475, stack(0x000070000c58b000,0x000070000c68b000)]
  0x00007f9b50031000 JavaThread "Sweeper thread" daemon [_thread_blocked, id=41219, stack(0x000070000c68e000,0x000070000c78e000)]
  0x00007f9b50033600 JavaThread "Notification Thread" daemon [_thread_blocked, id=40963, stack(0x000070000c791000,0x000070000c891000)]
  0x00007f9b50866e00 JavaThread "Common-Cleaner" daemon [_thread_blocked, id=39939, stack(0x000070000c997000,0x000070000ca97000)]

Other Threads:
  0x00007f9b4fa08480 VMThread "VM Thread" [stack: 0x000070000bd70000,0x000070000be70000] [id=18435]
  0x00007f9b4f80c060 WatcherThread [stack: 0x000070000c894000,0x000070000c994000] [id=40451]
  0x00007f9b4e704bb0 GCTaskThread "GC Thread#0" [stack: 0x000070000b861000,0x000070000b961000] [id=13059]
  0x00007f9b4f92fa30 GCTaskThread "GC Thread#1" [stack: 0x000070000cd29000,0x000070000ce29000] [id=66315]
  0x00007f9b4f9304d0 GCTaskThread "GC Thread#2" [stack: 0x000070000ce2c000,0x000070000cf2c000] [id=58371]
  0x00007f9b4f82cc10 GCTaskThread "GC Thread#3" [stack: 0x000070000cf2f000,0x000070000d02f000] [id=58627]
  0x00007f9b4fa04880 ConcurrentGCThread "G1 Main Marker" [stack: 0x000070000b964000,0x000070000ba64000] [id=20739]
  0x00007f9b4f806330 ConcurrentGCThread "G1 Conc#0" [stack: 0x000070000ba67000,0x000070000bb67000] [id=19971]
  0x00007f9b4fa06240 ConcurrentGCThread "G1 Refine#0" [stack: 0x000070000bb6a000,0x000070000bc6a000] [id=13571]
  0x00007f9b4fa06ad0 ConcurrentGCThread "G1 Service" [stack: 0x000070000bc6d000,0x000070000bd6d000] [id=14083]

Threads with active compile tasks:

VM state: not at safepoint (normal execution)

VM Mutex/Monitor currently owned by a thread: None

Heap address: 0x0000000780000000, size: 2048 MB, Compressed Oops mode: Zero based, Oop shift amount: 3

CDS archive(s) mapped at: [0x0000000800000000-0x0000000800bd8000-0x0000000800bd8000), size 12419072, SharedBaseAddress: 0x0000000800000000, ArchiveRelocationMode: 0.
Compressed class space mapped at: 0x0000000800c00000-0x0000000840c00000, reserved size: 1073741824
Narrow klass base: 0x0000000800000000, Narrow klass shift: 0, Narrow klass range: 0x100000000

GC Precious Log:
 CPUs: 4 total, 4 available
 Memory: 8192M
 Large Page Support: Disabled
 NUMA Support: Disabled
 Compressed Oops: Enabled (Zero based)
 Heap Region Size: 1M
 Heap Min Capacity: 8M
 Heap Initial Capacity: 128M
 Heap Max Capacity: 2G
 Pre-touch: Disabled
 Parallel Workers: 4
 Concurrent Workers: 1
 Concurrent Refinement Workers: 4
 Periodic GC: Disabled

Heap:
 garbage-first heap   total 133120K, used 27312K [0x0000000780000000, 0x0000000800000000)
  region size 1024K, 16 young (16384K), 2 survivors (2048K)
 Metaspace       used 6624K, committed 6784K, reserved 1064960K
  class space    used 484K, committed 576K, reserved 1048576K

Heap Regions: E=young(eden), S=young(survivor), O=old, HS=humongous(starts), HC=humongous(continues), CS=collection set, F=free, OA=open archive, CA=closed archive, TAMS=top-at-mark-start (previous, next)
|   0|0x0000000780000000, 0x0000000780100000, 0x0000000780100000|100%|HS|  |TAMS 0x0000000780000000, 0x0000000780000000| Complete 
|   1|0x0000000780100000, 0x0000000780200000, 0x0000000780200000|100%|HC|  |TAMS 0x0000000780100000, 0x0000000780100000| Complete 
|   2|0x0000000780200000, 0x0000000780300000, 0x0000000780300000|100%|HS|  |TAMS 0x0000000780200000, 0x0000000780200000| Complete 
|   3|0x0000000780300000, 0x0000000780400000, 0x0000000780400000|100%|HC|  |TAMS 0x0000000780300000, 0x0000000780300000| Complete 
|   4|0x0000000780400000, 0x0000000780500000, 0x0000000780500000|100%|HC|  |TAMS 0x0000000780400000, 0x0000000780400000| Complete 
|   5|0x0000000780500000, 0x0000000780600000, 0x0000000780600000|100%|HC|  |TAMS 0x0000000780500000, 0x0000000780500000| Complete 
|   6|0x0000000780600000, 0x0000000780700000, 0x0000000780700000|100%|HS|  |TAMS 0x0000000780600000, 0x0000000780600000| Complete 
|   7|0x0000000780700000, 0x0000000780800000, 0x0000000780800000|100%|HC|  |TAMS 0x0000000780700000, 0x0000000780700000| Complete 
|   8|0x0000000780800000, 0x0000000780900000, 0x0000000780900000|100%|HC|  |TAMS 0x0000000780800000, 0x0000000780800000| Complete 
|   9|0x0000000780900000, 0x0000000780a00000, 0x0000000780a00000|100%|HS|  |TAMS 0x0000000780900000, 0x0000000780900000| Complete 
|  10|0x0000000780a00000, 0x0000000780b00000, 0x0000000780b00000|100%|HC|  |TAMS 0x0000000780a00000, 0x0000000780a00000| Complete 
|  11|0x0000000780b00000, 0x0000000780c00000, 0x0000000780c00000|100%|HC|  |TAMS 0x0000000780b00000, 0x0000000780b00000| Complete 
|  12|0x0000000780c00000, 0x0000000780c00000, 0x0000000780d00000|  0%| F|  |TAMS 0x0000000780c00000, 0x0000000780c00000| Untracked 
|  13|0x0000000780d00000, 0x0000000780d00000, 0x0000000780e00000|  0%| F|  |TAMS 0x0000000780d00000, 0x0000000780d00000| Untracked 
|  14|0x0000000780e00000, 0x0000000780e00000, 0x0000000780f00000|  0%| F|  |TAMS 0x0000000780e00000, 0x0000000780e00000| Untracked 
|  15|0x0000000780f00000, 0x0000000780f00000, 0x0000000781000000|  0%| F|  |TAMS 0x0000000780f00000, 0x0000000780f00000| Untracked 
|  16|0x0000000781000000, 0x0000000781000000, 0x0000000781100000|  0%| F|  |TAMS 0x0000000781000000, 0x0000000781000000| Untracked 
|  17|0x0000000781100000, 0x0000000781100000, 0x0000000781200000|  0%| F|  |TAMS 0x0000000781100000, 0x0000000781100000| Untracked 
|  18|0x0000000781200000, 0x0000000781200000, 0x0000000781300000|  0%| F|  |TAMS 0x0000000781200000, 0x0000000781200000| Untracked 
|  19|0x0000000781300000, 0x0000000781300000, 0x0000000781400000|  0%| F|  |TAMS 0x0000000781300000, 0x0000000781300000| Untracked 
|  20|0x0000000781400000, 0x0000000781400000, 0x0000000781500000|  0%| F|  |TAMS 0x0000000781400000, 0x0000000781400000| Untracked 
|  21|0x0000000781500000, 0x0000000781500000, 0x0000000781600000|  0%| F|  |TAMS 0x0000000781500000, 0x0000000781500000| Untracked 
|  22|0x0000000781600000, 0x0000000781600000, 0x0000000781700000|  0%| F|  |TAMS 0x0000000781600000, 0x0000000781600000| Untracked 
|  23|0x0000000781700000, 0x0000000781700000, 0x0000000781800000|  0%| F|  |TAMS 0x0000000781700000, 0x0000000781700000| Untracked 
|  24|0x0000000781800000, 0x0000000781800000, 0x0000000781900000|  0%| F|  |TAMS 0x0000000781800000, 0x0000000781800000| Untracked 
|  25|0x0000000781900000, 0x0000000781900000, 0x0000000781a00000|  0%| F|  |TAMS 0x0000000781900000, 0x0000000781900000| Untracked 
|  26|0x0000000781a00000, 0x0000000781a00000, 0x0000000781b00000|  0%| F|  |TAMS 0x0000000781a00000, 0x0000000781a00000| Untracked 
|  27|0x0000000781b00000, 0x0000000781b00000, 0x0000000781c00000|  0%| F|  |TAMS 0x0000000781b00000, 0x0000000781b00000| Untracked 
|  28|0x0000000781c00000, 0x0000000781c00000, 0x0000000781d00000|  0%| F|  |TAMS 0x0000000781c00000, 0x0000000781c00000| Untracked 
|  29|0x0000000781d00000, 0x0000000781d00000, 0x0000000781e00000|  0%| F|  |TAMS 0x0000000781d00000, 0x0000000781d00000| Untracked 
|  30|0x0000000781e00000, 0x0000000781e00000, 0x0000000781f00000|  0%| F|  |TAMS 0x0000000781e00000, 0x0000000781e00000| Untracked 
|  31|0x0000000781f00000, 0x0000000781f00000, 0x0000000782000000|  0%| F|  |TAMS 0x0000000781f00000, 0x0000000781f00000| Untracked 
|  32|0x0000000782000000, 0x0000000782000000, 0x0000000782100000|  0%| F|  |TAMS 0x0000000782000000, 0x0000000782000000| Untracked 
|  33|0x0000000782100000, 0x0000000782100000, 0x0000000782200000|  0%| F|  |TAMS 0x0000000782100000, 0x0000000782100000| Untracked 
|  34|0x0000000782200000, 0x0000000782200000, 0x0000000782300000|  0%| F|  |TAMS 0x0000000782200000, 0x0000000782200000| Untracked 
|  35|0x0000000782300000, 0x0000000782300000, 0x0000000782400000|  0%| F|  |TAMS 0x0000000782300000, 0x0000000782300000| Untracked 
|  36|0x0000000782400000, 0x0000000782400000, 0x0000000782500000|  0%| F|  |TAMS 0x0000000782400000, 0x0000000782400000| Untracked 
|  37|0x0000000782500000, 0x0000000782500000, 0x0000000782600000|  0%| F|  |TAMS 0x0000000782500000, 0x0000000782500000| Untracked 
|  38|0x0000000782600000, 0x0000000782600000, 0x0000000782700000|  0%| F|  |TAMS 0x0000000782600000, 0x0000000782600000| Untracked 
|  39|0x0000000782700000, 0x0000000782700000, 0x0000000782800000|  0%| F|  |TAMS 0x0000000782700000, 0x0000000782700000| Untracked 
|  40|0x0000000782800000, 0x0000000782800000, 0x0000000782900000|  0%| F|  |TAMS 0x0000000782800000, 0x0000000782800000| Untracked 
|  41|0x0000000782900000, 0x0000000782900000, 0x0000000782a00000|  0%| F|  |TAMS 0x0000000782900000, 0x0000000782900000| Untracked 
|  42|0x0000000782a00000, 0x0000000782a00000, 0x0000000782b00000|  0%| F|  |TAMS 0x0000000782a00000, 0x0000000782a00000| Untracked 
|  43|0x0000000782b00000, 0x0000000782b00000, 0x0000000782c00000|  0%| F|  |TAMS 0x0000000782b00000, 0x0000000782b00000| Untracked 
|  44|0x0000000782c00000, 0x0000000782c00000, 0x0000000782d00000|  0%| F|  |TAMS 0x0000000782c00000, 0x0000000782c00000| Untracked 
|  45|0x0000000782d00000, 0x0000000782d00000, 0x0000000782e00000|  0%| F|  |TAMS 0x0000000782d00000, 0x0000000782d00000| Untracked 
|  46|0x0000000782e00000, 0x0000000782e00000, 0x0000000782f00000|  0%| F|  |TAMS 0x0000000782e00000, 0x0000000782e00000| Untracked 
|  47|0x0000000782f00000, 0x0000000782f00000, 0x0000000783000000|  0%| F|  |TAMS 0x0000000782f00000, 0x0000000782f00000| Untracked 
|  48|0x0000000783000000, 0x0000000783000000, 0x0000000783100000|  0%| F|  |TAMS 0x0000000783000000, 0x0000000783000000| Untracked 
|  49|0x0000000783100000, 0x0000000783100000, 0x0000000783200000|  0%| F|  |TAMS 0x0000000783100000, 0x0000000783100000| Untracked 
|  50|0x0000000783200000, 0x0000000783200000, 0x0000000783300000|  0%| F|  |TAMS 0x0000000783200000, 0x0000000783200000| Untracked 
|  51|0x0000000783300000, 0x0000000783300000, 0x0000000783400000|  0%| F|  |TAMS 0x0000000783300000, 0x0000000783300000| Untracked 
|  52|0x0000000783400000, 0x0000000783400000, 0x0000000783500000|  0%| F|  |TAMS 0x0000000783400000, 0x0000000783400000| Untracked 
|  53|0x0000000783500000, 0x0000000783500000, 0x0000000783600000|  0%| F|  |TAMS 0x0000000783500000, 0x0000000783500000| Untracked 
|  54|0x0000000783600000, 0x0000000783600000, 0x0000000783700000|  0%| F|  |TAMS 0x0000000783600000, 0x0000000783600000| Untracked 
|  55|0x0000000783700000, 0x0000000783700000, 0x0000000783800000|  0%| F|  |TAMS 0x0000000783700000, 0x0000000783700000| Untracked 
|  56|0x0000000783800000, 0x0000000783800000, 0x0000000783900000|  0%| F|  |TAMS 0x0000000783800000, 0x0000000783800000| Untracked 
|  57|0x0000000783900000, 0x0000000783900000, 0x0000000783a00000|  0%| F|  |TAMS 0x0000000783900000, 0x0000000783900000| Untracked 
|  58|0x0000000783a00000, 0x0000000783a00000, 0x0000000783b00000|  0%| F|  |TAMS 0x0000000783a00000, 0x0000000783a00000| Untracked 
|  59|0x0000000783b00000, 0x0000000783b00000, 0x0000000783c00000|  0%| F|  |TAMS 0x0000000783b00000, 0x0000000783b00000| Untracked 
|  60|0x0000000783c00000, 0x0000000783c00000, 0x0000000783d00000|  0%| F|  |TAMS 0x0000000783c00000, 0x0000000783c00000| Untracked 
|  61|0x0000000783d00000, 0x0000000783d00000, 0x0000000783e00000|  0%| F|  |TAMS 0x0000000783d00000, 0x0000000783d00000| Untracked 
|  62|0x0000000783e00000, 0x0000000783e00000, 0x0000000783f00000|  0%| F|  |TAMS 0x0000000783e00000, 0x0000000783e00000| Untracked 
|  63|0x0000000783f00000, 0x0000000783f00000, 0x0000000784000000|  0%| F|  |TAMS 0x0000000783f00000, 0x0000000783f00000| Untracked 
|  64|0x0000000784000000, 0x0000000784000000, 0x0000000784100000|  0%| F|  |TAMS 0x0000000784000000, 0x0000000784000000| Untracked 
|  65|0x0000000784100000, 0x0000000784100000, 0x0000000784200000|  0%| F|  |TAMS 0x0000000784100000, 0x0000000784100000| Untracked 
|  66|0x0000000784200000, 0x0000000784200000, 0x0000000784300000|  0%| F|  |TAMS 0x0000000784200000, 0x0000000784200000| Untracked 
|  67|0x0000000784300000, 0x0000000784300000, 0x0000000784400000|  0%| F|  |TAMS 0x0000000784300000, 0x0000000784300000| Untracked 
|  68|0x0000000784400000, 0x0000000784400000, 0x0000000784500000|  0%| F|  |TAMS 0x0000000784400000, 0x0000000784400000| Untracked 
|  69|0x0000000784500000, 0x0000000784500000, 0x0000000784600000|  0%| F|  |TAMS 0x0000000784500000, 0x0000000784500000| Untracked 
|  70|0x0000000784600000, 0x0000000784600000, 0x0000000784700000|  0%| F|  |TAMS 0x0000000784600000, 0x0000000784600000| Untracked 
|  71|0x0000000784700000, 0x0000000784700000, 0x0000000784800000|  0%| F|  |TAMS 0x0000000784700000, 0x0000000784700000| Untracked 
|  72|0x0000000784800000, 0x0000000784800000, 0x0000000784900000|  0%| F|  |TAMS 0x0000000784800000, 0x0000000784800000| Untracked 
|  73|0x0000000784900000, 0x0000000784900000, 0x0000000784a00000|  0%| F|  |TAMS 0x0000000784900000, 0x0000000784900000| Untracked 
|  74|0x0000000784a00000, 0x0000000784a00000, 0x0000000784b00000|  0%| F|  |TAMS 0x0000000784a00000, 0x0000000784a00000| Untracked 
|  75|0x0000000784b00000, 0x0000000784b00000, 0x0000000784c00000|  0%| F|  |TAMS 0x0000000784b00000, 0x0000000784b00000| Untracked 
|  76|0x0000000784c00000, 0x0000000784c00000, 0x0000000784d00000|  0%| F|  |TAMS 0x0000000784c00000, 0x0000000784c00000| Untracked 
|  77|0x0000000784d00000, 0x0000000784d00000, 0x0000000784e00000|  0%| F|  |TAMS 0x0000000784d00000, 0x0000000784d00000| Untracked 
|  78|0x0000000784e00000, 0x0000000784e00000, 0x0000000784f00000|  0%| F|  |TAMS 0x0000000784e00000, 0x0000000784e00000| Untracked 
|  79|0x0000000784f00000, 0x0000000784f00000, 0x0000000785000000|  0%| F|  |TAMS 0x0000000784f00000, 0x0000000784f00000| Untracked 
|  80|0x0000000785000000, 0x0000000785000000, 0x0000000785100000|  0%| F|  |TAMS 0x0000000785000000, 0x0000000785000000| Untracked 
|  81|0x0000000785100000, 0x0000000785100000, 0x0000000785200000|  0%| F|  |TAMS 0x0000000785100000, 0x0000000785100000| Untracked 
|  82|0x0000000785200000, 0x0000000785200000, 0x0000000785300000|  0%| F|  |TAMS 0x0000000785200000, 0x0000000785200000| Untracked 
|  83|0x0000000785300000, 0x0000000785300000, 0x0000000785400000|  0%| F|  |TAMS 0x0000000785300000, 0x0000000785300000| Untracked 
|  84|0x0000000785400000, 0x0000000785400000, 0x0000000785500000|  0%| F|  |TAMS 0x0000000785400000, 0x0000000785400000| Untracked 
|  85|0x0000000785500000, 0x0000000785500000, 0x0000000785600000|  0%| F|  |TAMS 0x0000000785500000, 0x0000000785500000| Untracked 
|  86|0x0000000785600000, 0x0000000785600000, 0x0000000785700000|  0%| F|  |TAMS 0x0000000785600000, 0x0000000785600000| Untracked 
|  87|0x0000000785700000, 0x0000000785700000, 0x0000000785800000|  0%| F|  |TAMS 0x0000000785700000, 0x0000000785700000| Untracked 
|  88|0x0000000785800000, 0x0000000785800000, 0x0000000785900000|  0%| F|  |TAMS 0x0000000785800000, 0x0000000785800000| Untracked 
|  89|0x0000000785900000, 0x0000000785900000, 0x0000000785a00000|  0%| F|  |TAMS 0x0000000785900000, 0x0000000785900000| Untracked 
|  90|0x0000000785a00000, 0x0000000785a00000, 0x0000000785b00000|  0%| F|  |TAMS 0x0000000785a00000, 0x0000000785a00000| Untracked 
|  91|0x0000000785b00000, 0x0000000785b00000, 0x0000000785c00000|  0%| F|  |TAMS 0x0000000785b00000, 0x0000000785b00000| Untracked 
|  92|0x0000000785c00000, 0x0000000785c00000, 0x0000000785d00000|  0%| F|  |TAMS 0x0000000785c00000, 0x0000000785c00000| Untracked 
|  93|0x0000000785d00000, 0x0000000785d00000, 0x0000000785e00000|  0%| F|  |TAMS 0x0000000785d00000, 0x0000000785d00000| Untracked 
|  94|0x0000000785e00000, 0x0000000785e00000, 0x0000000785f00000|  0%| F|  |TAMS 0x0000000785e00000, 0x0000000785e00000| Untracked 
|  95|0x0000000785f00000, 0x0000000785f00000, 0x0000000786000000|  0%| F|  |TAMS 0x0000000785f00000, 0x0000000785f00000| Untracked 
|  96|0x0000000786000000, 0x0000000786000000, 0x0000000786100000|  0%| F|  |TAMS 0x0000000786000000, 0x0000000786000000| Untracked 
|  97|0x0000000786100000, 0x0000000786100000, 0x0000000786200000|  0%| F|  |TAMS 0x0000000786100000, 0x0000000786100000| Untracked 
|  98|0x0000000786200000, 0x0000000786200000, 0x0000000786300000|  0%| F|  |TAMS 0x0000000786200000, 0x0000000786200000| Untracked 
|  99|0x0000000786300000, 0x0000000786300000, 0x0000000786400000|  0%| F|  |TAMS 0x0000000786300000, 0x0000000786300000| Untracked 
| 100|0x0000000786400000, 0x0000000786400000, 0x0000000786500000|  0%| F|  |TAMS 0x0000000786400000, 0x0000000786400000| Untracked 
| 101|0x0000000786500000, 0x0000000786500000, 0x0000000786600000|  0%| F|  |TAMS 0x0000000786500000, 0x0000000786500000| Untracked 
| 102|0x0000000786600000, 0x0000000786600000, 0x0000000786700000|  0%| F|  |TAMS 0x0000000786600000, 0x0000000786600000| Untracked 
| 103|0x0000000786700000, 0x0000000786700000, 0x0000000786800000|  0%| F|  |TAMS 0x0000000786700000, 0x0000000786700000| Untracked 
| 104|0x0000000786800000, 0x0000000786800000, 0x0000000786900000|  0%| F|  |TAMS 0x0000000786800000, 0x0000000786800000| Untracked 
| 105|0x0000000786900000, 0x0000000786900000, 0x0000000786a00000|  0%| F|  |TAMS 0x0000000786900000, 0x0000000786900000| Untracked 
| 106|0x0000000786a00000, 0x0000000786a00000, 0x0000000786b00000|  0%| F|  |TAMS 0x0000000786a00000, 0x0000000786a00000| Untracked 
| 107|0x0000000786b00000, 0x0000000786b00000, 0x0000000786c00000|  0%| F|  |TAMS 0x0000000786b00000, 0x0000000786b00000| Untracked 
| 108|0x0000000786c00000, 0x0000000786c00000, 0x0000000786d00000|  0%| F|  |TAMS 0x0000000786c00000, 0x0000000786c00000| Untracked 
| 109|0x0000000786d00000, 0x0000000786d00000, 0x0000000786e00000|  0%| F|  |TAMS 0x0000000786d00000, 0x0000000786d00000| Untracked 
| 110|0x0000000786e00000, 0x0000000786e00000, 0x0000000786f00000|  0%| F|  |TAMS 0x0000000786e00000, 0x0000000786e00000| Untracked 
| 111|0x0000000786f00000, 0x0000000786f00000, 0x0000000787000000|  0%| F|  |TAMS 0x0000000786f00000, 0x0000000786f00000| Untracked 
| 112|0x0000000787000000, 0x00000007870b8210, 0x0000000787100000| 71%| E|  |TAMS 0x0000000787000000, 0x0000000787000000| Complete 
| 113|0x0000000787100000, 0x00000007871b7220, 0x0000000787200000| 71%| S|CS|TAMS 0x0000000787100000, 0x0000000787100000| Complete 
| 114|0x0000000787200000, 0x0000000787300000, 0x0000000787300000|100%| S|CS|TAMS 0x0000000787200000, 0x0000000787200000| Complete 
| 115|0x0000000787300000, 0x0000000787400000, 0x0000000787400000|100%| E|CS|TAMS 0x0000000787300000, 0x0000000787300000| Complete 
| 116|0x0000000787400000, 0x0000000787500000, 0x0000000787500000|100%| E|CS|TAMS 0x0000000787400000, 0x0000000787400000| Complete 
| 117|0x0000000787500000, 0x0000000787600000, 0x0000000787600000|100%| E|CS|TAMS 0x0000000787500000, 0x0000000787500000| Complete 
| 118|0x0000000787600000, 0x0000000787700000, 0x0000000787700000|100%| E|CS|TAMS 0x0000000787600000, 0x0000000787600000| Complete 
| 119|0x0000000787700000, 0x0000000787800000, 0x0000000787800000|100%| E|CS|TAMS 0x0000000787700000, 0x0000000787700000| Complete 
| 120|0x0000000787800000, 0x0000000787900000, 0x0000000787900000|100%| E|CS|TAMS 0x0000000787800000, 0x0000000787800000| Complete 
| 121|0x0000000787900000, 0x0000000787a00000, 0x0000000787a00000|100%| E|CS|TAMS 0x0000000787900000, 0x0000000787900000| Complete 
| 122|0x0000000787a00000, 0x0000000787b00000, 0x0000000787b00000|100%| E|  |TAMS 0x0000000787a00000, 0x0000000787a00000| Complete 
| 123|0x0000000787b00000, 0x0000000787c00000, 0x0000000787c00000|100%| E|CS|TAMS 0x0000000787b00000, 0x0000000787b00000| Complete 
| 124|0x0000000787c00000, 0x0000000787d00000, 0x0000000787d00000|100%| E|CS|TAMS 0x0000000787c00000, 0x0000000787c00000| Complete 
| 125|0x0000000787d00000, 0x0000000787e00000, 0x0000000787e00000|100%| E|CS|TAMS 0x0000000787d00000, 0x0000000787d00000| Complete 
| 126|0x0000000787e00000, 0x0000000787f00000, 0x0000000787f00000|100%| E|CS|TAMS 0x0000000787e00000, 0x0000000787e00000| Complete 
| 127|0x0000000787f00000, 0x0000000788000000, 0x0000000788000000|100%| E|CS|TAMS 0x0000000787f00000, 0x0000000787f00000| Complete 
|2046|0x00000007ffe00000, 0x00000007ffe76000, 0x00000007fff00000| 46%|OA|  |TAMS 0x00000007ffe00000, 0x00000007ffe00000| Untracked 
|2047|0x00000007fff00000, 0x00000007fff7f000, 0x0000000800000000| 49%|CA|  |TAMS 0x00000007fff00000, 0x00000007fff00000| Untracked 

Card table byte_map: [0x000000010b46c000,0x000000010b86c000] _byte_map_base: 0x000000010786c000

Marking Bits (Prev, Next): (CMBitMap*) 0x00007f9b50817410, (CMBitMap*) 0x00007f9b50817450
 Prev Bits: [0x00000001239ab000, 0x00000001259ab000)
 Next Bits: [0x00000001259ab000, 0x00000001279ab000)

Polling page: 0x000000010adb7000

Metaspace:

Usage:
  Non-class:      6.00 MB used.
      Class:    484.52 KB used.
       Both:      6.47 MB used.

Virtual space:
  Non-class space:       16.00 MB reserved,       6.06 MB ( 38%) committed,  2 nodes.
      Class space:        1.00 GB reserved,     576.00 KB ( <1%) committed,  1 nodes.
             Both:        1.02 GB reserved,       6.62 MB ( <1%) committed. 

Chunk freelists:
   Non-Class:  3.45 MB
       Class:  3.37 MB
        Both:  6.83 MB

MaxMetaspaceSize: unlimited
CompressedClassSpaceSize: 1.00 GB
Initial GC threshold: 21.00 MB
Current GC threshold: 21.00 MB
CDS: on
MetaspaceReclaimPolicy: balanced
 - commit_granule_bytes: 65536.
 - commit_granule_words: 8192.
 - virtual_space_node_default_size: 1048576.
 - enlarge_chunks_in_place: 1.
 - new_chunks_are_fully_committed: 0.
 - uncommit_free_chunks: 1.
 - use_allocation_guard: 0.
 - handle_deallocations: 1.


Internal statistics:

num_allocs_failed_limit: 0.
num_arena_births: 70.
num_arena_deaths: 0.
num_vsnodes_births: 3.
num_vsnodes_deaths: 0.
num_space_committed: 104.
num_space_uncommitted: 0.
num_chunks_returned_to_freelist: 0.
num_chunks_taken_from_freelist: 273.
num_chunk_merges: 0.
num_chunk_splits: 194.
num_chunks_enlarged: 156.
num_purges: 0.
num_inconsistent_stats: 0.

CodeHeap 'non-profiled nmethods': size=120032Kb used=699Kb max_used=699Kb free=119332Kb
 bounds [0x000000011c473000, 0x000000011c6e3000, 0x00000001239ab000]
CodeHeap 'profiled nmethods': size=120028Kb used=2504Kb max_used=2504Kb free=117523Kb
 bounds [0x0000000114f3c000, 0x00000001151bc000, 0x000000011c473000]
CodeHeap 'non-nmethods': size=5700Kb used=1632Kb max_used=1662Kb free=4067Kb
 bounds [0x00000001149ab000, 0x0000000114c1b000, 0x0000000114f3c000]
 total_blobs=2503 nmethods=1427 adapters=990
 compilation: enabled
              stopped_count=0, restarted_count=0
 full_count=0

Compilation events (20 events):
Event: 19.409 Thread 0x00007f9b4f02ae00 1417       4       com.badlogic.gdx.math.Frustum::update (263 bytes)
Event: 19.422 Thread 0x00007f9b50867400 1418       1       com.badlogic.gdx.scenes.scene2d.Event::isHandled (5 bytes)
Event: 19.422 Thread 0x00007f9b50867400 nmethod 1418 0x000000011c51ca90 code [0x000000011c51cc20, 0x000000011c51ccf0]
Event: 19.438 Thread 0x00007f9b4f02ae00 nmethod 1417 0x000000011c51cd90 code [0x000000011c51d000, 0x000000011c51e028]
Event: 19.790 Thread 0x00007f9b50867400 1419       3       com.badlogic.gdx.utils.Pools::free (39 bytes)
Event: 19.791 Thread 0x00007f9b50867400 nmethod 1419 0x00000001151aca90 code [0x00000001151acc80, 0x00000001151ad1e0]
Event: 20.158 Thread 0x00007f9b50867400 1421       3       com.badlogic.gdx.math.Vector3::<init> (5 bytes)
Event: 20.158 Thread 0x00007f9b50867400 nmethod 1421 0x00000001151ad410 code [0x00000001151ad5c0, 0x00000001151ad710]
Event: 20.158 Thread 0x00007f9b50867400 1422       3       java.lang.Long::numberOfLeadingZeros (26 bytes)
Event: 20.159 Thread 0x00007f9b50867400 nmethod 1422 0x00000001151ad810 code [0x00000001151ad9c0, 0x00000001151adb70]
Event: 20.372 Thread 0x00007f9b50867400 1423       1       com.badlogic.gdx.scenes.scene2d.InputListener::mouseMoved (2 bytes)
Event: 20.372 Thread 0x00007f9b50867400 nmethod 1423 0x000000011c51eb90 code [0x000000011c51ed20, 0x000000011c51edf0]
Event: 20.705 Thread 0x00007f9b4f02ae00 1424       4       com.badlogic.gdx.graphics.glutils.VertexArray::bind (347 bytes)
Event: 20.734 Thread 0x00007f9b4f02ae00 nmethod 1424 0x000000011c51ee90 code [0x000000011c51f0c0, 0x000000011c520268]
Event: 20.734 Thread 0x00007f9b4f02ae00 1425       4       com.badlogic.gdx.utils.Array::add (48 bytes)
Event: 20.738 Thread 0x00007f9b4f02ae00 nmethod 1425 0x000000011c521110 code [0x000000011c5212c0, 0x000000011c521568]
Event: 21.087 Thread 0x00007f9b50867400 1426       3       com.badlogic.gdx.InputEventQueue::queueTime (22 bytes)
Event: 21.087 Thread 0x00007f9b50867400 nmethod 1426 0x00000001151adc10 code [0x00000001151addc0, 0x00000001151adf90]
Event: 21.408 Thread 0x00007f9b4f02ae00 1427       4       java.lang.String::endsWith (15 bytes)
Event: 21.415 Thread 0x00007f9b4f02ae00 nmethod 1427 0x000000011c521710 code [0x000000011c5218a0, 0x000000011c521b78]

GC Heap History (2 events):
Event: 1.960 GC heap before
{Heap before GC invocations=0 (full 0):
 garbage-first heap   total 133120K, used 14292K [0x0000000780000000, 0x0000000800000000)
  region size 1024K, 13 young (13312K), 0 survivors (0K)
 Metaspace       used 4249K, committed 4416K, reserved 1056768K
  class space    used 298K, committed 384K, reserved 1048576K
}
Event: 1.966 GC heap after
{Heap after GC invocations=1 (full 0):
 garbage-first heap   total 133120K, used 2736K [0x0000000780000000, 0x0000000800000000)
  region size 1024K, 2 young (2048K), 2 survivors (2048K)
 Metaspace       used 4249K, committed 4416K, reserved 1056768K
  class space    used 298K, committed 384K, reserved 1048576K
}

Deoptimization events (20 events):
Event: 13.022 Thread 0x00007f9b4f00e200 DEOPT PACKING pc=0x00000001151786a2 sp=0x00007ff7b526a2a0
Event: 13.022 Thread 0x00007f9b4f00e200 DEOPT UNPACKING pc=0x00000001149fd82f sp=0x00007ff7b52697b8 mode 0
Event: 13.605 Thread 0x00007f9b4f00e200 DEOPT PACKING pc=0x00000001151797cf sp=0x00007ff7b526a210
Event: 13.605 Thread 0x00007f9b4f00e200 DEOPT UNPACKING pc=0x00000001149fd82f sp=0x00007ff7b52696c8 mode 0
Event: 18.000 Thread 0x00007f9b4f00e200 Uncommon trap: trap_request=0xffffffd6 fr.pc=0x000000011c4d2104 relative=0x00000000000001c4
Event: 18.000 Thread 0x00007f9b4f00e200 Uncommon trap: reason=array_check action=maybe_recompile pc=0x000000011c4d2104 method=com.badlogic.gdx.utils.Array.add(Ljava/lang/Object;)V @ 46 c2
Event: 18.000 Thread 0x00007f9b4f00e200 DEOPT PACKING pc=0x000000011c4d2104 sp=0x00007ff7b5269ff0
Event: 18.000 Thread 0x00007f9b4f00e200 DEOPT UNPACKING pc=0x00000001149fd099 sp=0x00007ff7b5269f98 mode 2
Event: 20.107 Thread 0x00007f9b4f00e200 Uncommon trap: trap_request=0xffffffd6 fr.pc=0x000000011c4d2104 relative=0x00000000000001c4
Event: 20.107 Thread 0x00007f9b4f00e200 Uncommon trap: reason=array_check action=maybe_recompile pc=0x000000011c4d2104 method=com.badlogic.gdx.utils.Array.add(Ljava/lang/Object;)V @ 46 c2
Event: 20.107 Thread 0x00007f9b4f00e200 DEOPT PACKING pc=0x000000011c4d2104 sp=0x00007ff7b526a010
Event: 20.107 Thread 0x00007f9b4f00e200 DEOPT UNPACKING pc=0x00000001149fd099 sp=0x00007ff7b5269fb8 mode 2
Event: 20.161 Thread 0x00007f9b4f00e200 Uncommon trap: trap_request=0xffffffd6 fr.pc=0x000000011c4d2104 relative=0x00000000000001c4
Event: 20.161 Thread 0x00007f9b4f00e200 Uncommon trap: reason=array_check action=maybe_recompile pc=0x000000011c4d2104 method=com.badlogic.gdx.utils.Array.add(Ljava/lang/Object;)V @ 46 c2
Event: 20.161 Thread 0x00007f9b4f00e200 DEOPT PACKING pc=0x000000011c4d2104 sp=0x00007ff7b5269ef0
Event: 20.161 Thread 0x00007f9b4f00e200 DEOPT UNPACKING pc=0x00000001149fd099 sp=0x00007ff7b5269e98 mode 2
Event: 20.161 Thread 0x00007f9b4f00e200 Uncommon trap: trap_request=0xffffffd6 fr.pc=0x000000011c4d2104 relative=0x00000000000001c4
Event: 20.161 Thread 0x00007f9b4f00e200 Uncommon trap: reason=array_check action=maybe_recompile pc=0x000000011c4d2104 method=com.badlogic.gdx.utils.Array.add(Ljava/lang/Object;)V @ 46 c2
Event: 20.161 Thread 0x00007f9b4f00e200 DEOPT PACKING pc=0x000000011c4d2104 sp=0x00007ff7b5269ef0
Event: 20.161 Thread 0x00007f9b4f00e200 DEOPT UNPACKING pc=0x00000001149fd099 sp=0x00007ff7b5269e98 mode 2

Classes unloaded (0 events):
No events

Classes redefined (0 events):
No events

Internal exceptions (19 events):
Event: 1.013 Thread 0x00007f9b4f00e200 Exception <a 'java/lang/NoSuchMethodError'{0x0000000787a194e0}: 'java.lang.Object java.lang.invoke.DirectMethodHandle$Holder.invokeStaticInit(java.lang.Object)'> (0x0000000787a194e0) 
thrown [open/src/hotspot/share/interpreter/linkResolver.cpp, line 759]
Event: 1.046 Thread 0x00007f9b4f00e200 Exception <a 'java/lang/NoSuchMethodError'{0x0000000787a83670}: 'void java.lang.invoke.DirectMethodHandle$Holder.invokeStatic(java.lang.Object, java.lang.Object)'> (0x0000000787a83670) 
thrown [open/src/hotspot/share/interpreter/linkResolver.cpp, line 759]
Event: 1.048 Thread 0x00007f9b4f00e200 Exception <a 'java/lang/NoSuchMethodError'{0x0000000787a88980}: 'void java.lang.invoke.DirectMethodHandle$Holder.invokeSpecial(java.lang.Object, java.lang.Object, java.lang.Object)'> (0x0000000787a88980) 
thrown [open/src/hotspot/share/interpreter/linkResolver.cpp, line 759]
Event: 1.058 Thread 0x00007f9b4f00e200 Exception <a 'java/lang/NoSuchMethodError'{0x0000000787a9b768}: 'java.lang.Object java.lang.invoke.DirectMethodHandle$Holder.invokeStatic(java.lang.Object, java.lang.Object, int)'> (0x0000000787a9b768) 
thrown [open/src/hotspot/share/interpreter/linkResolver.cpp, line 759]
Event: 1.061 Thread 0x00007f9b4f00e200 Exception <a 'java/lang/NoSuchMethodError'{0x0000000787aa74a0}: 'void java.lang.invoke.DelegatingMethodHandle$Holder.delegate(java.lang.Object, java.lang.Object, int, java.lang.Object)'> (0x0000000787aa74a0) 
thrown [open/src/hotspot/share/interpreter/linkResolver.cpp, line 759]
Event: 1.063 Thread 0x00007f9b4f00e200 Exception <a 'java/lang/NoSuchMethodError'{0x0000000787aab6b0}: 'int java.lang.invoke.DirectMethodHandle$Holder.invokeSpecial(java.lang.Object, java.lang.Object, java.lang.Object)'> (0x0000000787aab6b0) 
thrown [open/src/hotspot/share/interpreter/linkResolver.cpp, line 759]
Event: 1.138 Thread 0x00007f9b4f00e200 Exception <a 'sun/nio/fs/UnixException'{0x00000007879458b0}> (0x00000007879458b0) 
thrown [open/src/hotspot/share/prims/jni.cpp, line 516]
Event: 1.161 Thread 0x00007f9b4f00e200 Exception <a 'java/lang/NoSuchMethodError'{0x0000000787985b78}: 'int java.lang.invoke.DirectMethodHandle$Holder.invokeStaticInit(java.lang.Object, java.lang.Object, int, long)'> (0x0000000787985b78) 
thrown [open/src/hotspot/share/interpreter/linkResolver.cpp, line 759]
Event: 1.162 Thread 0x00007f9b4f00e200 Exception <a 'java/lang/NoSuchMethodError'{0x000000078798b698}: 'java.lang.Object java.lang.invoke.DirectMethodHandle$Holder.newInvokeSpecial(java.lang.Object, java.lang.Object, int)'> (0x000000078798b698) 
thrown [open/src/hotspot/share/interpreter/linkResolver.cpp, line 759]
Event: 1.167 Thread 0x00007f9b4f00e200 Exception <a 'java/lang/NoSuchMethodError'{0x00000007879a0098}: 'int java.lang.invoke.DirectMethodHandle$Holder.invokeStaticInit(java.lang.Object, java.lang.Object, long, long)'> (0x00000007879a0098) 
thrown [open/src/hotspot/share/interpreter/linkResolver.cpp, line 759]
Event: 1.170 Thread 0x00007f9b4f00e200 Exception <a 'java/lang/NoSuchMethodError'{0x00000007879a61a8}: 'java.lang.Object java.lang.invoke.DirectMethodHandle$Holder.newInvokeSpecial(java.lang.Object, java.lang.Object, long)'> (0x00000007879a61a8) 
thrown [open/src/hotspot/share/interpreter/linkResolver.cpp, line 759]
Event: 1.171 Thread 0x00007f9b4f00e200 Exception <a 'java/lang/NoSuchMethodError'{0x00000007879aa1f0}: 'java.lang.Object java.lang.invoke.Invokers$Holder.linkToTargetMethod(java.lang.Object, long, java.lang.Object)'> (0x00000007879aa1f0) 
thrown [open/src/hotspot/share/interpreter/linkResolver.cpp, line 759]
Event: 1.173 Thread 0x00007f9b4f00e200 Exception <a 'java/lang/NoSuchMethodError'{0x00000007879b1908}: 'int java.lang.invoke.DirectMethodHandle$Holder.invokeStaticInit(java.lang.Object, java.lang.Object, java.lang.Object, long)'> (0x00000007879b1908) 
thrown [open/src/hotspot/share/interpreter/linkResolver.cpp, line 759]
Event: 1.216 Thread 0x00007f9b4f00e200 Exception <a 'sun/nio/fs/UnixException'{0x0000000787866ad8}> (0x0000000787866ad8) 
thrown [open/src/hotspot/share/prims/jni.cpp, line 516]
Event: 1.258 Thread 0x00007f9b4f00e200 Exception <a 'sun/nio/fs/UnixException'{0x000000078772a8a0}> (0x000000078772a8a0) 
thrown [open/src/hotspot/share/prims/jni.cpp, line 516]
Event: 1.274 Thread 0x00007f9b4f00e200 Exception <a 'sun/nio/fs/UnixException'{0x0000000787776228}> (0x0000000787776228) 
thrown [open/src/hotspot/share/prims/jni.cpp, line 516]
Event: 1.466 Thread 0x00007f9b4f00e200 Exception <a 'sun/nio/fs/UnixException'{0x000000078760bf58}> (0x000000078760bf58) 
thrown [open/src/hotspot/share/prims/jni.cpp, line 516]
Event: 1.556 Thread 0x00007f9b4f00e200 Exception <a 'java/lang/NoSuchMethodError'{0x000000078765ee10}: 'java.lang.Object java.lang.invoke.DirectMethodHandle$Holder.newInvokeSpecial(java.lang.Object, long)'> (0x000000078765ee10) 
thrown [open/src/hotspot/share/interpreter/linkResolver.cpp, line 759]
Event: 1.789 Thread 0x00007f9b4f00e200 Exception <a 'sun/nio/fs/UnixException'{0x0000000787588370}> (0x0000000787588370) 
thrown [open/src/hotspot/share/prims/jni.cpp, line 516]

VM Operations (20 events):
Event: 8.231 Executing VM operation: HandshakeAllThreads
Event: 8.231 Executing VM operation: HandshakeAllThreads done
Event: 9.235 Executing VM operation: Cleanup
Event: 9.235 Executing VM operation: Cleanup done
Event: 10.238 Executing VM operation: Cleanup
Event: 10.239 Executing VM operation: Cleanup done
Event: 11.244 Executing VM operation: Cleanup
Event: 11.244 Executing VM operation: Cleanup done
Event: 12.248 Executing VM operation: Cleanup
Event: 12.248 Executing VM operation: Cleanup done
Event: 13.253 Executing VM operation: Cleanup
Event: 13.253 Executing VM operation: Cleanup done
Event: 14.258 Executing VM operation: Cleanup
Event: 14.258 Executing VM operation: Cleanup done
Event: 15.261 Executing VM operation: Cleanup
Event: 15.261 Executing VM operation: Cleanup done
Event: 18.274 Executing VM operation: Cleanup
Event: 18.274 Executing VM operation: Cleanup done
Event: 20.282 Executing VM operation: Cleanup
Event: 20.282 Executing VM operation: Cleanup done

Events (20 events):
Event: 4.432 loading class jdk/internal/reflect/BootstrapConstructorAccessorImpl done
Event: 8.018 loading class java/util/zip/GZIPInputStream
Event: 8.018 loading class java/util/zip/GZIPInputStream done
Event: 8.023 loading class java/lang/NegativeArraySizeException
Event: 8.023 loading class java/lang/NegativeArraySizeException done
Event: 8.023 loading class java/lang/StringIndexOutOfBoundsException
Event: 8.023 loading class java/lang/StringIndexOutOfBoundsException done
Event: 8.023 loading class java/lang/ArrayIndexOutOfBoundsException
Event: 8.023 loading class java/lang/ArrayIndexOutOfBoundsException done
Event: 8.171 loading class jdk/internal/math/FloatingDecimal$ASCIIToBinaryBuffer
Event: 8.171 loading class jdk/internal/math/FloatingDecimal$ASCIIToBinaryBuffer done
Event: 8.217 Loaded shared library /private/var/folders/jz/142jjvzd2tl3ly49kr0snwx40000gn/T/libgdxrajpratapsingh/1b27cc55/libgdx-box2d64.dylib
Event: 17.990 loading class jdk/internal/math/FormattedFloatingDecimal$Form
Event: 17.990 loading class jdk/internal/math/FormattedFloatingDecimal$Form done
Event: 17.990 loading class jdk/internal/math/FormattedFloatingDecimal
Event: 17.991 loading class jdk/internal/math/FormattedFloatingDecimal done
Event: 17.991 loading class jdk/internal/math/FormattedFloatingDecimal$1
Event: 17.991 loading class jdk/internal/math/FormattedFloatingDecimal$1 done
Event: 17.991 loading class jdk/internal/math/FormattedFloatingDecimal$2
Event: 17.991 loading class jdk/internal/math/FormattedFloatingDecimal$2 done


Dynamic libraries:
0x000000010adb9000 	/Library/Java/JavaVirtualMachines/jdk-17.0.4.1.jdk/Contents/Home/lib/libjli.dylib
0x00007ff825ea6000 	/usr/lib/libz.1.dylib
0x00007ff825f86000 	/usr/lib/libSystem.B.dylib
0x00007ff825f81000 	/usr/lib/system/libcache.dylib
0x00007ff825f3d000 	/usr/lib/system/libcommonCrypto.dylib
0x00007ff825f66000 	/usr/lib/system/libcompiler_rt.dylib
0x00007ff825f5c000 	/usr/lib/system/libcopyfile.dylib
0x00007ff81af14000 	/usr/lib/system/libcorecrypto.dylib
0x00007ff81afd2000 	/usr/lib/system/libdispatch.dylib
0x00007ff81b192000 	/usr/lib/system/libdyld.dylib
0x00007ff825f78000 	/usr/lib/system/libkeymgr.dylib
0x00007ff825f1b000 	/usr/lib/system/libmacho.dylib
0x00007ff82559c000 	/usr/lib/system/libquarantine.dylib
0x00007ff825f76000 	/usr/lib/system/libremovefile.dylib
0x00007ff820127000 	/usr/lib/system/libsystem_asl.dylib
0x00007ff81aebd000 	/usr/lib/system/libsystem_blocks.dylib
0x00007ff81b056000 	/usr/lib/system/libsystem_c.dylib
0x00007ff825f6e000 	/usr/lib/system/libsystem_collections.dylib
0x00007ff824850000 	/usr/lib/system/libsystem_configuration.dylib
0x00007ff823af9000 	/usr/lib/system/libsystem_containermanager.dylib
0x00007ff825c53000 	/usr/lib/system/libsystem_coreservices.dylib
0x00007ff81d7c8000 	/usr/lib/system/libsystem_darwin.dylib
0x00007ff825f79000 	/usr/lib/system/libsystem_dnssd.dylib
0x00007ff81b053000 	/usr/lib/system/libsystem_featureflags.dylib
0x00007ff81b1a8000 	/usr/lib/system/libsystem_info.dylib
0x00007ff825eb9000 	/usr/lib/system/libsystem_m.dylib
0x00007ff81afa6000 	/usr/lib/system/libsystem_malloc.dylib
0x00007ff8200c2000 	/usr/lib/system/libsystem_networkextension.dylib
0x00007ff81dbee000 	/usr/lib/system/libsystem_notify.dylib
0x00007ff82c1f6000 	/usr/lib/system/libsystem_product_info_filter.dylib
0x00007ff824854000 	/usr/lib/system/libsystem_sandbox.dylib
0x00007ff825f73000 	/usr/lib/system/libsystem_secinit.dylib
0x00007ff81b14e000 	/usr/lib/system/libsystem_kernel.dylib
0x00007ff81b19e000 	/usr/lib/system/libsystem_platform.dylib
0x00007ff81b186000 	/usr/lib/system/libsystem_pthread.dylib
0x00007ff821975000 	/usr/lib/system/libsystem_symptoms.dylib
0x00007ff81aefb000 	/usr/lib/system/libsystem_trace.dylib
0x00007ff825f49000 	/usr/lib/system/libunwind.dylib
0x00007ff81aebf000 	/usr/lib/system/libxpc.dylib
0x00007ff81b138000 	/usr/lib/libc++abi.dylib
0x00007ff81b019000 	/usr/lib/libobjc.A.dylib
0x00007ff825f54000 	/usr/lib/liboah.dylib
0x00007ff81b0df000 	/usr/lib/libc++.1.dylib
0x00007ff831ff8000 	/System/Library/Frameworks/Cocoa.framework/Versions/A/Cocoa
0x00007ff81dc4c000 	/System/Library/Frameworks/AppKit.framework/Versions/C/AppKit
0x00007ff821163000 	/System/Library/Frameworks/CoreData.framework/Versions/A/CoreData
0x00007ff81c04f000 	/System/Library/Frameworks/Foundation.framework/Versions/C/Foundation
0x00007ff81eadc000 	/System/Library/PrivateFrameworks/UIFoundation.framework/Versions/A/UIFoundation
0x00007ff82bef9000 	/System/Library/PrivateFrameworks/RemoteViewServices.framework/Versions/A/RemoteViewServices
0x00007ff8241da000 	/System/Library/PrivateFrameworks/XCTTargetBootstrap.framework/Versions/A/XCTTargetBootstrap
0x00007ff827d8f000 	/System/Library/PrivateFrameworks/InternationalSupport.framework/Versions/A/InternationalSupport
0x00007ff827e19000 	/System/Library/PrivateFrameworks/UserActivity.framework/Versions/A/UserActivity
0x00007ff82716d000 	/usr/lib/libspindump.dylib
0x00007ff81ed6b000 	/System/Library/Frameworks/UniformTypeIdentifiers.framework/Versions/A/UniformTypeIdentifiers
0x00007ff8228fe000 	/usr/lib/libapp_launch_measurement.dylib
0x00007ff821b35000 	/System/Library/PrivateFrameworks/CoreAnalytics.framework/Versions/A/CoreAnalytics
0x00007ff822901000 	/System/Library/PrivateFrameworks/CoreAutoLayout.framework/Versions/A/CoreAutoLayout
0x00007ff823b31000 	/System/Library/Frameworks/Metal.framework/Versions/A/Metal
0x00007ff824860000 	/usr/lib/liblangid.dylib
0x00007ff8241df000 	/System/Library/PrivateFrameworks/CoreSVG.framework/Versions/A/CoreSVG
0x00007ff820157000 	/System/Library/PrivateFrameworks/SkyLight.framework/Versions/A/SkyLight
0x00007ff8204f6000 	/System/Library/Frameworks/CoreGraphics.framework/Versions/A/CoreGraphics
0x00007ff82c5b9000 	/System/Library/Frameworks/Accelerate.framework/Versions/A/Accelerate
0x00007ff826bec000 	/System/Library/PrivateFrameworks/IconServices.framework/Versions/A/IconServices
0x00007ff823b16000 	/System/Library/Frameworks/IOSurface.framework/Versions/A/IOSurface
0x00007ff821b63000 	/usr/lib/libDiagnosticMessagesClient.dylib
0x00007ff82fc9c000 	/System/Library/Frameworks/ApplicationServices.framework/Versions/A/ApplicationServices
0x00007ff8241c6000 	/System/Library/PrivateFrameworks/DFRFoundation.framework/Versions/A/DFRFoundation
0x00007ff81d534000 	/usr/lib/libicucore.A.dylib
0x00007ff828b85000 	/System/Library/Frameworks/AudioToolbox.framework/Versions/A/AudioToolbox
0x00007ff827d9b000 	/System/Library/PrivateFrameworks/DataDetectorsCore.framework/Versions/A/DataDetectorsCore
0x00007ff92429a000 	/System/Library/PrivateFrameworks/TextInput.framework/Versions/A/TextInput
0x00007ff8200da000 	/usr/lib/libMobileGestalt.dylib
0x00007ff823ed2000 	/System/Library/Frameworks/Carbon.framework/Versions/A/Frameworks/HIToolbox.framework/Versions/A/HIToolbox
0x00007ff822300000 	/System/Library/Frameworks/QuartzCore.framework/Versions/A/QuartzCore
0x00007ff81d1d9000 	/System/Library/Frameworks/Security.framework/Versions/A/Security
0x00007ff82bf31000 	/System/Library/Frameworks/Carbon.framework/Versions/A/Frameworks/SpeechRecognition.framework/Versions/A/SpeechRecognition
0x00007ff82265e000 	/System/Library/PrivateFrameworks/CoreUI.framework/Versions/A/CoreUI
0x00007ff81caa3000 	/System/Library/Frameworks/CoreAudio.framework/Versions/A/CoreAudio
0x00007ff821c52000 	/System/Library/Frameworks/DiskArbitration.framework/Versions/A/DiskArbitration
0x00007ff82755b000 	/System/Library/PrivateFrameworks/MultitouchSupport.framework/Versions/A/MultitouchSupport
0x00007ff8200d9000 	/usr/lib/libenergytrace.dylib
0x00007ff81db38000 	/System/Library/Frameworks/IOKit.framework/Versions/A/IOKit
0x00007ff82c321000 	/System/Library/Frameworks/CoreServices.framework/Versions/A/CoreServices
0x00007ff822898000 	/System/Library/PrivateFrameworks/PerformanceAnalysis.framework/Versions/A/PerformanceAnalysis
0x00007ffa33f77000 	/System/Library/Frameworks/OpenGL.framework/Versions/A/OpenGL
0x00007ff8254c2000 	/System/Library/PrivateFrameworks/MobileKeyBag.framework/Versions/A/MobileKeyBag
0x00007ff820bc2000 	/System/Library/Frameworks/ColorSync.framework/Versions/A/ColorSync
0x00007ff81b1d3000 	/System/Library/Frameworks/CoreFoundation.framework/Versions/A/CoreFoundation
0x00007ff824456000 	/System/Library/Frameworks/CoreImage.framework/Versions/A/CoreImage
0x00007ff81c8b7000 	/System/Library/Frameworks/CoreText.framework/Versions/A/CoreText
0x00007ff82420f000 	/System/Library/Frameworks/ImageIO.framework/Versions/A/ImageIO
0x00007ff825f8c000 	/System/Library/PrivateFrameworks/SoftLinking.framework/Versions/A/SoftLinking
0x00007ff822949000 	/usr/lib/libxml2.2.dylib
0x00007ff826210000 	/usr/lib/libcompression.dylib
0x00007ff827cc2000 	/System/Library/PrivateFrameworks/TextureIO.framework/Versions/A/TextureIO
0x00007ff8268fe000 	/usr/lib/libate.dylib
0x00007ff8266da000 	/usr/lib/liblzma.5.dylib
0x00007ff81bd61000 	/System/Library/Frameworks/SystemConfiguration.framework/Versions/A/SystemConfiguration
0x00007ff825f88000 	/usr/lib/libfakelink.dylib
0x00007ff81fc32000 	/System/Library/Frameworks/CFNetwork.framework/Versions/A/CFNetwork
0x00007ff8260c9000 	/usr/lib/libarchive.2.dylib
0x00007ff82485c000 	/System/Library/PrivateFrameworks/AppleSystemInfo.framework/Versions/A/AppleSystemInfo
0x00007ff8255c3000 	/usr/lib/libbsm.0.dylib
0x00007ff81f241000 	/usr/lib/libnetwork.dylib
0x00007ff825f21000 	/usr/lib/system/libkxld.dylib
0x00007ff8251f6000 	/System/Library/PrivateFrameworks/IOMobileFramebuffer.framework/Versions/A/IOMobileFramebuffer
0x00007ffb3394c000 	/usr/lib/libCoreEntitlements.dylib
0x00007ff825c35000 	/System/Library/PrivateFrameworks/AppleFSCompression.framework/Versions/A/AppleFSCompression
0x00007ff8255ab000 	/usr/lib/libcoretls.dylib
0x00007ff8266f4000 	/usr/lib/libcoretls_cfhelpers.dylib
0x00007ff82620b000 	/usr/lib/libpam.2.dylib
0x00007ff821594000 	/usr/lib/libsqlite3.dylib
0x00007ff826763000 	/usr/lib/libxar.1.dylib
0x00007ff825c45000 	/usr/lib/libbz2.1.0.dylib
0x00007ff825f8d000 	/usr/lib/libpcap.A.dylib
0x00007ff82196d000 	/usr/lib/libdns_services.dylib
0x00007ff8261db000 	/usr/lib/libapple_nghttp2.dylib
0x00007ff825fc7000 	/usr/lib/libiconv.2.dylib
0x00007ff825f1a000 	/usr/lib/libcharset.1.dylib
0x00007ff8228cc000 	/System/Library/Frameworks/CoreServices.framework/Versions/A/Frameworks/FSEvents.framework/Versions/A/FSEvents
0x00007ff81d7d2000 	/System/Library/Frameworks/CoreServices.framework/Versions/A/Frameworks/CarbonCore.framework/Versions/A/CarbonCore
0x00007ff821bb6000 	/System/Library/Frameworks/CoreServices.framework/Versions/A/Frameworks/Metadata.framework/Versions/A/Metadata
0x00007ff825c58000 	/System/Library/Frameworks/CoreServices.framework/Versions/A/Frameworks/OSServices.framework/Versions/A/OSServices
0x00007ff826150000 	/System/Library/Frameworks/CoreServices.framework/Versions/A/Frameworks/SearchKit.framework/Versions/A/SearchKit
0x00007ff8218ff000 	/System/Library/Frameworks/CoreServices.framework/Versions/A/Frameworks/AE.framework/Versions/A/AE
0x00007ff81b6d6000 	/System/Library/Frameworks/CoreServices.framework/Versions/A/Frameworks/LaunchServices.framework/Versions/A/LaunchServices
0x00007ff82668b000 	/System/Library/Frameworks/CoreServices.framework/Versions/A/Frameworks/DictionaryServices.framework/Versions/A/DictionaryServices
0x00007ff8228d9000 	/System/Library/Frameworks/CoreServices.framework/Versions/A/Frameworks/SharedFileList.framework/Versions/A/SharedFileList
0x00007ff82559f000 	/usr/lib/libCheckFix.dylib
0x00007ff82013e000 	/System/Library/PrivateFrameworks/TCC.framework/Versions/A/TCC
0x00007ff824862000 	/System/Library/PrivateFrameworks/CoreNLP.framework/Versions/A/CoreNLP
0x00007ff821b66000 	/System/Library/PrivateFrameworks/MetadataUtilities.framework/Versions/A/MetadataUtilities
0x00007ff81be12000 	/usr/lib/libmecabra.dylib
0x00007ff8255d3000 	/usr/lib/libmecab.dylib
0x00007ff81bddd000 	/usr/lib/libCRFSuite.dylib
0x00007ff82562d000 	/usr/lib/libgermantok.dylib
0x00007ff8261b6000 	/usr/lib/libThaiTokenizer.dylib
0x00007ff821c59000 	/System/Library/Frameworks/Accelerate.framework/Versions/A/Frameworks/vImage.framework/Versions/A/vImage
0x00007ff82c2f8000 	/System/Library/Frameworks/Accelerate.framework/Versions/A/Frameworks/vecLib.framework/Versions/A/vecLib
0x00007ff8267a4000 	/System/Library/Frameworks/Accelerate.framework/Versions/A/Frameworks/vecLib.framework/Versions/A/libvMisc.dylib
0x00007ff825021000 	/System/Library/Frameworks/Accelerate.framework/Versions/A/Frameworks/vecLib.framework/Versions/A/libvDSP.dylib
0x00007ff81ba51000 	/System/Library/Frameworks/Accelerate.framework/Versions/A/Frameworks/vecLib.framework/Versions/A/libBLAS.dylib
0x00007ff8262ed000 	/System/Library/Frameworks/Accelerate.framework/Versions/A/Frameworks/vecLib.framework/Versions/A/libLAPACK.dylib
0x00007ff825630000 	/System/Library/Frameworks/Accelerate.framework/Versions/A/Frameworks/vecLib.framework/Versions/A/libLinearAlgebra.dylib
0x00007ff8261f3000 	/System/Library/Frameworks/Accelerate.framework/Versions/A/Frameworks/vecLib.framework/Versions/A/libSparseBLAS.dylib
0x00007ff8262e7000 	/System/Library/Frameworks/Accelerate.framework/Versions/A/Frameworks/vecLib.framework/Versions/A/libQuadrature.dylib
0x00007ff82494d000 	/System/Library/Frameworks/Accelerate.framework/Versions/A/Frameworks/vecLib.framework/Versions/A/libBNNS.dylib
0x00007ff81bceb000 	/System/Library/Frameworks/Accelerate.framework/Versions/A/Frameworks/vecLib.framework/Versions/A/libSparse.dylib
0x00007ff824946000 	/System/Library/PrivateFrameworks/LinguisticData.framework/Versions/A/LinguisticData
0x00007ff81bca1000 	/System/Library/PrivateFrameworks/Lexicon.framework/Versions/A/Lexicon
0x00007ff82679d000 	/usr/lib/libChineseTokenizer.dylib
0x00007ff81c40c000 	/System/Library/PrivateFrameworks/LanguageModeling.framework/Versions/A/LanguageModeling
0x00007ff8261b8000 	/System/Library/PrivateFrameworks/AppleSauce.framework/Versions/A/AppleSauce
0x00007ff8251e4000 	/System/Library/PrivateFrameworks/CoreEmoji.framework/Versions/A/CoreEmoji
0x00007ff8260b8000 	/usr/lib/libcmph.dylib
0x00007ff8228b0000 	/System/Library/Frameworks/OpenDirectory.framework/Versions/A/Frameworks/CFOpenDirectory.framework/Versions/A/CFOpenDirectory
0x00007ff8228a4000 	/System/Library/Frameworks/OpenDirectory.framework/Versions/A/OpenDirectory
0x00007ff8266f6000 	/System/Library/PrivateFrameworks/APFS.framework/Versions/A/APFS
0x00007ff8254fa000 	/System/Library/Frameworks/SecurityFoundation.framework/Versions/A/SecurityFoundation
0x00007ff826771000 	/usr/lib/libutil.dylib
0x00007ff81dafc000 	/System/Library/PrivateFrameworks/CoreServicesStore.framework/Versions/A/CoreServicesStore
0x00007ff826775000 	/usr/lib/libxslt.1.dylib
0x00007ff825587000 	/System/Library/PrivateFrameworks/BackgroundTaskManagement.framework/Versions/A/BackgroundTaskManagement
0x00007ff827be2000 	/System/Library/Frameworks/ImageIO.framework/Versions/A/Resources/libRadiance.dylib
0x00007ff827beb000 	/System/Library/Frameworks/ImageIO.framework/Versions/A/Resources/libJPEG.dylib
0x00007ff827b3a000 	/System/Library/Frameworks/ImageIO.framework/Versions/A/Resources/libPng.dylib
0x00007ff827b5b000 	/System/Library/Frameworks/ImageIO.framework/Versions/A/Resources/libTIFF.dylib
0x00007ff827c4b000 	/System/Library/Frameworks/ImageIO.framework/Versions/A/Resources/libGIF.dylib
0x00007ff827475000 	/System/Library/Frameworks/ImageIO.framework/Versions/A/Resources/libJP2.dylib
0x00007ff826bb3000 	/usr/lib/libexpat.1.dylib
0x00007ff82742a000 	/System/Library/PrivateFrameworks/AppleJPEG.framework/Versions/A/AppleJPEG
0x00007ff823d96000 	/System/Library/PrivateFrameworks/FontServices.framework/libFontParser.dylib
0x00007ff8218a9000 	/System/Library/PrivateFrameworks/RunningBoardServices.framework/Versions/A/RunningBoardServices
0x00007ff8325b3000 	/System/Library/PrivateFrameworks/IOSurfaceAccelerator.framework/Versions/A/IOSurfaceAccelerator
0x00007ff827557000 	/System/Library/PrivateFrameworks/WatchdogClient.framework/Versions/A/WatchdogClient
0x00007ff81c4fa000 	/System/Library/Frameworks/CoreDisplay.framework/Versions/A/CoreDisplay
0x00007ff823c94000 	/System/Library/Frameworks/CoreMedia.framework/Versions/A/CoreMedia
0x00007ff823b28000 	/System/Library/PrivateFrameworks/IOAccelerator.framework/Versions/A/IOAccelerator
0x00007ff822a2d000 	/System/Library/Frameworks/CoreVideo.framework/Versions/A/CoreVideo
0x00007ff826209000 	/System/Library/Frameworks/MetalPerformanceShaders.framework/Versions/A/MetalPerformanceShaders
0x00007ff827594000 	/System/Library/Frameworks/VideoToolbox.framework/Versions/A/VideoToolbox
0x00007ff8217f3000 	/System/Library/PrivateFrameworks/BaseBoard.framework/Versions/A/BaseBoard
0x00007ff82157a000 	/System/Library/PrivateFrameworks/ProtocolBuffer.framework/Versions/A/ProtocolBuffer
0x00007ff827bdb000 	/System/Library/PrivateFrameworks/GPUWrangler.framework/Versions/A/GPUWrangler
0x00007ff827bbf000 	/System/Library/PrivateFrameworks/IOPresentment.framework/Versions/A/IOPresentment
0x00007ff827be5000 	/System/Library/PrivateFrameworks/DSExternalDisplay.framework/Versions/A/DSExternalDisplay
0x00007ffa33f6b000 	/System/Library/Frameworks/OpenGL.framework/Versions/A/Libraries/libCoreFSCache.dylib
0x00007ffb21043000 	/System/Library/PrivateFrameworks/GPUCompiler.framework/Versions/31001/Libraries/libGPUCompilerUtils.dylib
0x00007ff827c50000 	/System/Library/PrivateFrameworks/CMCaptureCore.framework/Versions/A/CMCaptureCore
0x00007ff82715b000 	/System/Library/PrivateFrameworks/AppServerSupport.framework/Versions/A/AppServerSupport
0x00007ff82941e000 	/System/Library/PrivateFrameworks/perfdata.framework/Versions/A/perfdata
0x00007ff81c626000 	/System/Library/PrivateFrameworks/AudioToolboxCore.framework/Versions/A/AudioToolboxCore
0x00007ff823c72000 	/System/Library/PrivateFrameworks/caulk.framework/Versions/A/caulk
0x00007ff828d30000 	/usr/lib/libAudioStatistics.dylib
0x00007ff920a28000 	/System/Library/PrivateFrameworks/SystemPolicy.framework/Versions/A/SystemPolicy
0x00007ff828f8b000 	/usr/lib/libSMC.dylib
0x00007ff831eab000 	/System/Library/Frameworks/CoreMIDI.framework/Versions/A/CoreMIDI
0x00007ff827b09000 	/usr/lib/libAudioToolboxUtility.dylib
0x00007ff91cc50000 	/System/Library/PrivateFrameworks/OSAServicesClient.framework/Versions/A/OSAServicesClient
0x00007ff82942b000 	/usr/lib/libperfcheck.dylib
0x00007ff9214d5000 	/usr/lib/libmis.dylib
0x00007ffa33fc6000 	/System/Library/Frameworks/OpenGL.framework/Versions/A/Libraries/libGLU.dylib
0x00007ffa33f8a000 	/System/Library/Frameworks/OpenGL.framework/Versions/A/Libraries/libGFXShared.dylib
0x00007ffa34193000 	/System/Library/Frameworks/OpenGL.framework/Versions/A/Libraries/libGL.dylib
0x00007ffa33f93000 	/System/Library/Frameworks/OpenGL.framework/Versions/A/Libraries/libGLImage.dylib
0x00007ffa33f87000 	/System/Library/Frameworks/OpenGL.framework/Versions/A/Libraries/libCVMSPluginSupport.dylib
0x00007ffa33f72000 	/System/Library/Frameworks/OpenGL.framework/Versions/A/Libraries/libCoreVMClient.dylib
0x00007ff8247de000 	/System/Library/Frameworks/MetalPerformanceShaders.framework/Versions/A/Frameworks/MPSCore.framework/Versions/A/MPSCore
0x00007ff825ba0000 	/System/Library/Frameworks/MetalPerformanceShaders.framework/Versions/A/Frameworks/MPSImage.framework/Versions/A/MPSImage
0x00007ff825646000 	/System/Library/Frameworks/MetalPerformanceShaders.framework/Versions/A/Frameworks/MPSNeuralNetwork.framework/Versions/A/MPSNeuralNetwork
0x00007ff825aba000 	/System/Library/Frameworks/MetalPerformanceShaders.framework/Versions/A/Frameworks/MPSMatrix.framework/Versions/A/MPSMatrix
0x00007ff825875000 	/System/Library/Frameworks/MetalPerformanceShaders.framework/Versions/A/Frameworks/MPSRayIntersector.framework/Versions/A/MPSRayIntersector
0x00007ff825af2000 	/System/Library/Frameworks/MetalPerformanceShaders.framework/Versions/A/Frameworks/MPSNDArray.framework/Versions/A/MPSNDArray
0x00007ffa39a4b000 	/System/Library/Frameworks/MetalPerformanceShaders.framework/Versions/A/Frameworks/MPSFunctions.framework/Versions/A/MPSFunctions
0x00007ff81b92d000 	/System/Library/PrivateFrameworks/MetalTools.framework/Versions/A/MetalTools
0x00007ff82485a000 	/System/Library/PrivateFrameworks/AggregateDictionary.framework/Versions/A/AggregateDictionary
0x00007ff826995000 	/usr/lib/libIOReport.dylib
0x00007ffa355a2000 	/System/Library/Frameworks/OpenCL.framework/Versions/A/OpenCL
0x00007ff826cf9000 	/System/Library/PrivateFrameworks/FaceCore.framework/Versions/A/FaceCore
0x00007ff826cea000 	/System/Library/PrivateFrameworks/GraphVisualizer.framework/Versions/A/GraphVisualizer
0x00007ffb20f4e000 	/System/Library/PrivateFrameworks/FontServices.framework/Versions/A/FontServices
0x00007ff827113000 	/System/Library/PrivateFrameworks/OTSVG.framework/Versions/A/OTSVG
0x00007ff822613000 	/System/Library/Frameworks/ApplicationServices.framework/Versions/A/Frameworks/ATS.framework/Versions/A/Resources/libFontRegistry.dylib
0x00007ff827163000 	/System/Library/PrivateFrameworks/FontServices.framework/libhvf.dylib
0x00007ffb20f4f000 	/System/Library/PrivateFrameworks/FontServices.framework/libXTFontStaticRegistryData.dylib
0x00007ff826b63000 	/System/Library/PrivateFrameworks/AppleVA.framework/Versions/A/AppleVA
0x00007ff828d50000 	/System/Library/Frameworks/ApplicationServices.framework/Versions/A/Frameworks/ATS.framework/Versions/A/ATS
0x00007ff820cc0000 	/System/Library/Frameworks/ApplicationServices.framework/Versions/A/Frameworks/HIServices.framework/Versions/A/HIServices
0x00007ff827c5a000 	/System/Library/Frameworks/ApplicationServices.framework/Versions/A/Frameworks/PrintCore.framework/Versions/A/PrintCore
0x00007ff8290de000 	/System/Library/Frameworks/ApplicationServices.framework/Versions/A/Frameworks/QD.framework/Versions/A/QD
0x00007ff8290d6000 	/System/Library/Frameworks/ApplicationServices.framework/Versions/A/Frameworks/ColorSyncLegacy.framework/Versions/A/ColorSyncLegacy
0x00007ff828d40000 	/System/Library/Frameworks/ApplicationServices.framework/Versions/A/Frameworks/SpeechSynthesis.framework/Versions/A/SpeechSynthesis
0x00007ff827c1b000 	/System/Library/Frameworks/ApplicationServices.framework/Versions/A/Frameworks/ATSUI.framework/Versions/A/ATSUI
0x00007ff82906b000 	/usr/lib/libcups.2.dylib
0x00007ff82943a000 	/System/Library/Frameworks/Kerberos.framework/Versions/A/Kerberos
0x00007ff829449000 	/System/Library/Frameworks/GSS.framework/Versions/A/GSS
0x00007ff828dbc000 	/usr/lib/libresolv.9.dylib
0x00007ff827172000 	/System/Library/PrivateFrameworks/Heimdal.framework/Versions/A/Heimdal
0x00007ff83002e000 	/System/Library/Frameworks/Kerberos.framework/Versions/A/Libraries/libHeimdalProxy.dylib
0x00007ff82197d000 	/System/Library/Frameworks/Network.framework/Versions/A/Network
0x00007ff826bcd000 	/usr/lib/libheimdal-asn1.dylib
0x00007ff829494000 	/System/Library/PrivateFrameworks/CommonAuth.framework/Versions/A/CommonAuth
0x00007ff828cc2000 	/System/Library/PrivateFrameworks/AudioSession.framework/Versions/A/AudioSession
0x00007ff826c5d000 	/System/Library/PrivateFrameworks/MediaExperience.framework/Versions/A/MediaExperience
0x00007ff828b54000 	/System/Library/PrivateFrameworks/AudioSession.framework/libSessionUtility.dylib
0x00007ff8290ea000 	/System/Library/PrivateFrameworks/AudioResourceArbitration.framework/Versions/A/AudioResourceArbitration
0x00007ff82d16b000 	/System/Library/PrivateFrameworks/PowerLog.framework/Versions/A/PowerLog
0x00007ff826bd6000 	/System/Library/PrivateFrameworks/IconFoundation.framework/Versions/A/IconFoundation
0x00007ff82bf21000 	/System/Library/PrivateFrameworks/SpeechRecognitionCore.framework/Versions/A/SpeechRecognitionCore
0x000000010bde7000 	/Library/Java/JavaVirtualMachines/jdk-17.0.4.1.jdk/Contents/Home/lib/server/libjvm.dylib
0x000000010ade8000 	/Library/Java/JavaVirtualMachines/jdk-17.0.4.1.jdk/Contents/Home/lib/libjimage.dylib
0x000000010ae66000 	/Library/Java/JavaVirtualMachines/jdk-17.0.4.1.jdk/Contents/Home/lib/libjava.dylib
0x000000010bccc000 	/Library/Java/JavaVirtualMachines/jdk-17.0.4.1.jdk/Contents/Home/lib/libnio.dylib
0x000000010bd06000 	/Library/Java/JavaVirtualMachines/jdk-17.0.4.1.jdk/Contents/Home/lib/libnet.dylib
0x000000010bce8000 	/Library/Java/JavaVirtualMachines/jdk-17.0.4.1.jdk/Contents/Home/lib/libzip.dylib
0x000000010bd5b000 	/private/var/folders/jz/142jjvzd2tl3ly49kr0snwx40000gn/T/libgdxrajpratapsingh/21f66466/libgdx64.dylib
0x000000010ce47000 	/private/var/folders/jz/142jjvzd2tl3ly49kr0snwx40000gn/T/lwjglrajpratapsingh/3.3.1-build-7/liblwjgl.dylib
0x000000010ce80000 	/private/var/folders/jz/142jjvzd2tl3ly49kr0snwx40000gn/T/lwjglrajpratapsingh/3.3.1-build-7/libjemalloc.dylib
0x000000010bd93000 	/private/var/folders/jz/142jjvzd2tl3ly49kr0snwx40000gn/T/lwjglrajpratapsingh/3.3.1-build-7/libglfw.dylib
0x00007ff81dabe000 	/System/Library/PrivateFrameworks/CoreServicesInternal.framework/Versions/A/CoreServicesInternal
0x00007ff82d75c000 	/System/Library/Frameworks/FileProvider.framework/Versions/A/FileProvider
0x00007ff821760000 	/System/Library/Frameworks/Accounts.framework/Versions/A/Accounts
0x00007ff82d8d5000 	/System/Library/PrivateFrameworks/GenerationalStorage.framework/Versions/A/GenerationalStorage
0x00007ff82e3e5000 	/System/Library/PrivateFrameworks/CoreSymbolication.framework/Versions/A/CoreSymbolication
0x00007ff82d160000 	/System/Library/PrivateFrameworks/SymptomDiagnosticReporter.framework/Versions/A/SymptomDiagnosticReporter
0x00007ff81ed7f000 	/System/Library/PrivateFrameworks/DesktopServicesPriv.framework/Versions/A/DesktopServicesPriv
0x00007ff81dbfd000 	/usr/lib/libsandbox.1.dylib
0x00007ff822aac000 	/System/Library/PrivateFrameworks/UserManagement.framework/Versions/A/UserManagement
0x00007ff82e3aa000 	/System/Library/PrivateFrameworks/DebugSymbols.framework/Versions/A/DebugSymbols
0x00007ff8290cb000 	/System/Library/PrivateFrameworks/NetAuth.framework/Versions/A/NetAuth
0x00007ff829fda000 	/System/Library/PrivateFrameworks/Sharing.framework/Versions/A/Sharing
0x00007ff822a7f000 	/System/Library/PrivateFrameworks/login.framework/Versions/A/Frameworks/loginsupport.framework/Versions/A/loginsupport
0x00007ff82f548000 	/System/Library/PrivateFrameworks/Apple80211.framework/Versions/A/Apple80211
0x00007ff825c85000 	/System/Library/PrivateFrameworks/AuthKit.framework/Versions/A/AuthKit
0x00007ff8252da000 	/System/Library/PrivateFrameworks/CoreUtils.framework/Versions/A/CoreUtils
0x00007ff825201000 	/System/Library/Frameworks/CoreWLAN.framework/Versions/A/CoreWLAN
0x00007ff82a139000 	/System/Library/Frameworks/IOBluetooth.framework/Versions/A/IOBluetooth
0x00007ff82f5b0000 	/System/Library/PrivateFrameworks/CoreWiFi.framework/Versions/A/CoreWiFi
0x00007ff82df7f000 	/System/Library/PrivateFrameworks/FrontBoardServices.framework/Versions/A/FrontBoardServices
0x00007ff82e010000 	/System/Library/PrivateFrameworks/BoardServices.framework/Versions/A/BoardServices
0x00007ff8254e9000 	/System/Library/PrivateFrameworks/AssertionServices.framework/Versions/A/AssertionServices
0x00007ff82f733000 	/System/Library/PrivateFrameworks/BackBoardServices.framework/Versions/A/BackBoardServices
0x00007ff829525000 	/System/Library/PrivateFrameworks/CorePhoneNumbers.framework/Versions/A/CorePhoneNumbers
0x00007ff828de9000 	/System/Library/PrivateFrameworks/MultiverseSupport.framework/Versions/A/MultiverseSupport
0x00007ff82f9a7000 	/System/Library/PrivateFrameworks/RemoteServiceDiscovery.framework/Versions/A/RemoteServiceDiscovery
0x00007ff82d27d000 	/System/Library/PrivateFrameworks/DiskManagement.framework/Versions/A/DiskManagement
0x00007ff82d191000 	/System/Library/PrivateFrameworks/AppleIDAuthSupport.framework/Versions/A/AppleIDAuthSupport
0x00007ffb1b8c9000 	/System/Library/PrivateFrameworks/AAAFoundation.framework/Versions/A/AAAFoundation
0x00007ff829506000 	/System/Library/PrivateFrameworks/KeychainCircle.framework/Versions/A/KeychainCircle
0x00007ff82f9b7000 	/System/Library/PrivateFrameworks/RemoteXPC.framework/Versions/A/RemoteXPC
0x00007ff82d249000 	/System/Library/PrivateFrameworks/MediaKit.framework/Versions/A/MediaKit
0x00007ff82d19d000 	/System/Library/Frameworks/DiscRecording.framework/Versions/A/DiscRecording
0x00007ff826adb000 	/usr/lib/libCoreStorage.dylib
0x00007ff82fa22000 	/usr/lib/libcsfde.dylib
0x00007ff82a206000 	/System/Library/PrivateFrameworks/ProtectedCloudStorage.framework/Versions/A/ProtectedCloudStorage
0x00007ff82fa1e000 	/System/Library/PrivateFrameworks/EFILogin.framework/Versions/A/EFILogin
0x00007ff82d8fb000 	/System/Library/PrivateFrameworks/OctagonTrust.framework/Versions/A/OctagonTrust
0x00007ffb201b1000 	/System/Library/PrivateFrameworks/CoreUtilsExtras.framework/Versions/A/CoreUtilsExtras
0x00007ff82d0c4000 	/System/Library/Frameworks/CoreBluetooth.framework/Versions/A/CoreBluetooth
0x00007ff8300b3000 	/System/Library/Frameworks/AudioUnit.framework/Versions/A/AudioUnit
0x00007ff826ad3000 	/usr/lib/libMatch.1.dylib
0x00007ff8227a4000 	/System/Library/PrivateFrameworks/ViewBridge.framework/Versions/A/ViewBridge
0x000000012dad7000 	/private/var/folders/jz/142jjvzd2tl3ly49kr0snwx40000gn/T/lwjglrajpratapsingh/3.3.1-build-7/libopenal.dylib
0x000000012df05000 	/System/Library/Components/CoreAudio.component/Contents/MacOS/CoreAudio
0x0000000129bcb000 	/System/Library/Extensions/AppleHDA.kext/Contents/PlugIns/AppleHDAHALPlugIn.bundle/Contents/MacOS/AppleHDAHALPlugIn
0x0000000129be3000 	/usr/lib/libobjc-trampolines.dylib
0x00007ff925af9000 	/System/Library/Frameworks/Accelerate.framework/Versions/A/Frameworks/vImage.framework/Versions/A/Libraries/libCGInterfaces.dylib
0x00007ff827229000 	/System/Library/PrivateFrameworks/login.framework/Versions/A/login
0x00007ffa3419e000 	/System/Library/Frameworks/OpenGL.framework/Versions/A/Resources/GLEngine.bundle/GLEngine
0x00007ffa34004000 	/System/Library/Frameworks/OpenGL.framework/Versions/A/Libraries/libGLProgrammability.dylib
0x00007ffa2c970000 	/System/Library/Extensions/AppleIntelBDWGraphicsGLDriver.bundle/Contents/MacOS/AppleIntelBDWGraphicsGLDriver
0x00007ff92b670000 	/System/Library/PrivateFrameworks/GPUSupport.framework/Versions/A/Libraries/libGPUSupportMercury.dylib
0x00007ffa34328000 	/System/Library/Frameworks/OpenGL.framework/Versions/A/Resources/GLRendererFloat.bundle/GLRendererFloat
0x000000012fc48000 	/private/var/folders/jz/142jjvzd2tl3ly49kr0snwx40000gn/T/lwjglrajpratapsingh/3.3.1-build-7/liblwjgl_opengl.dylib
0x00007ffb33a3b000 	/usr/lib/libRosetta.dylib
0x000000013b400000 	/private/var/folders/jz/142jjvzd2tl3ly49kr0snwx40000gn/T/libgdxrajpratapsingh/1b27cc55/libgdx-box2d64.dylib
0x00007ff82c63d000 	/System/Library/PrivateFrameworks/SystemAdministration.framework/Versions/A/SystemAdministration
0x00007ff827e84000 	/System/Library/Frameworks/MediaToolbox.framework/Versions/A/MediaToolbox
0x00007ff82beed000 	/System/Library/Frameworks/DirectoryService.framework/Versions/A/DirectoryService
0x00007ff82f8bf000 	/System/Library/PrivateFrameworks/DiskImages.framework/Versions/A/DiskImages
0x00007ff825591000 	/System/Library/Frameworks/ServiceManagement.framework/Versions/A/ServiceManagement
0x00007ff82fa9c000 	/System/Library/PrivateFrameworks/LoginUIKit.framework/Versions/A/Frameworks/LoginUICore.framework/Versions/A/LoginUICore
0x00007ff8273d2000 	/usr/lib/libodfde.dylib
0x00007ff82d72c000 	/System/Library/PrivateFrameworks/CoreAVCHD.framework/Versions/A/CoreAVCHD
0x00007ff82c601000 	/System/Library/Frameworks/MediaAccessibility.framework/Versions/A/MediaAccessibility
0x00007ff82d728000 	/System/Library/PrivateFrameworks/Mangrove.framework/Versions/A/Mangrove
0x00007ff82c60c000 	/System/Library/PrivateFrameworks/AlgosScoreFramework.framework/Versions/A/AlgosScoreFramework
0x00007ffb1d4a5000 	/System/Library/PrivateFrameworks/CMPhoto.framework/Versions/A/CMPhoto
0x00007ff82e280000 	/System/Library/PrivateFrameworks/AppleVPA.framework/Versions/A/AppleVPA
0x00007ff82d36d000 	/System/Library/PrivateFrameworks/CoreAUC.framework/Versions/A/CoreAUC
0x00007ff82fa2e000 	/usr/lib/libcurl.4.dylib
0x00007ffb33ea7000 	/usr/lib/libcrypto.46.dylib
0x00007ffb3439c000 	/usr/lib/libssl.48.dylib
0x00007ff82f751000 	/System/Library/Frameworks/LDAP.framework/Versions/A/LDAP
0x00007ff82f789000 	/System/Library/PrivateFrameworks/TrustEvaluationAgent.framework/Versions/A/TrustEvaluationAgent
0x00007ff828dd5000 	/usr/lib/libsasl2.2.dylib
0x00007ff82c631000 	/System/Library/PrivateFrameworks/CoreDaemon.framework/Versions/B/CoreDaemon
0x00007ff82c62c000 	/System/Library/PrivateFrameworks/AppleSRP.framework/Versions/A/AppleSRP
0x00007ff921a9b000 	/System/Library/PrivateFrameworks/SidecarUI.framework/Versions/A/SidecarUI
0x00007ff92054c000 	/System/Library/Frameworks/Carbon.framework/Versions/A/Carbon
0x00007ff920bf0000 	/System/Library/PrivateFrameworks/SidecarCore.framework/Versions/A/SidecarCore
0x00007ff83394a000 	/System/Library/Frameworks/Carbon.framework/Versions/A/Frameworks/CommonPanels.framework/Versions/A/CommonPanels
0x00007ff82fa1a000 	/System/Library/Frameworks/Carbon.framework/Versions/A/Frameworks/Help.framework/Versions/A/Help
0x00007ff83394e000 	/System/Library/Frameworks/Carbon.framework/Versions/A/Frameworks/ImageCapture.framework/Versions/A/ImageCapture
0x00007ff83391e000 	/System/Library/Frameworks/Carbon.framework/Versions/A/Frameworks/OpenScripting.framework/Versions/A/OpenScripting
0x00007ff833946000 	/System/Library/Frameworks/Carbon.framework/Versions/A/Frameworks/Ink.framework/Versions/A/Ink
0x00007ff920548000 	/System/Library/Frameworks/Carbon.framework/Versions/A/Frameworks/Print.framework/Versions/A/Print
0x00007ff833942000 	/System/Library/Frameworks/Carbon.framework/Versions/A/Frameworks/SecurityHI.framework/Versions/A/SecurityHI
0x00007ffa264de000 	/System/Library/PrivateFrameworks/VoiceShortcutClient.framework/Versions/A/VoiceShortcutClient
0x00007ff82faa4000 	/System/Library/PrivateFrameworks/AppSupport.framework/Versions/A/AppSupport
0x00007ff830148000 	/System/Library/PrivateFrameworks/IntentsFoundation.framework/Versions/A/IntentsFoundation
0x00007ff825e1b000 	/System/Library/Frameworks/CoreSpotlight.framework/Versions/A/CoreSpotlight
0x00007ff82eec7000 	/System/Library/PrivateFrameworks/CoreDuetContext.framework/Versions/A/CoreDuetContext
0x00007ff81ef37000 	/System/Library/PrivateFrameworks/CoreDuet.framework/Versions/A/CoreDuet
0x00007ff82ef1e000 	/System/Library/Frameworks/Intents.framework/Versions/A/Intents
0x00007ff826a9c000 	/System/Library/PrivateFrameworks/PlugInKit.framework/Versions/A/PlugInKit
0x00007ff830d9a000 	/System/Library/PrivateFrameworks/ProactiveSupport.framework/Versions/A/ProactiveSupport
0x00007ff823a57000 	/System/Library/Frameworks/CoreLocation.framework/Versions/A/CoreLocation
0x00007ff8294a4000 	/System/Library/PrivateFrameworks/MobileAsset.framework/Versions/A/MobileAsset
0x00007ff82699e000 	/System/Library/PrivateFrameworks/CrashReporterSupport.framework/Versions/A/CrashReporterSupport
0x00007ff82fc9d000 	/System/Library/PrivateFrameworks/InternationalTextSearch.framework/Versions/A/InternationalTextSearch
0x00007ff831c50000 	/System/Library/PrivateFrameworks/RTCReporting.framework/Versions/A/RTCReporting
0x00007ff8300da000 	/System/Library/PrivateFrameworks/StreamingZip.framework/Versions/A/StreamingZip
0x00007ff92d511000 	/System/Library/PrivateFrameworks/OSAnalytics.framework/Versions/A/OSAnalytics
0x00007ff9386c8000 	/System/Library/PrivateFrameworks/Symbolication.framework/Versions/A/Symbolication
0x00007ff9214b2000 	/System/Library/PrivateFrameworks/MallocStackLogging.framework/Versions/A/MallocStackLogging
0x00007ff82a4cf000 	/System/Library/PrivateFrameworks/GeoServices.framework/Versions/A/GeoServices
0x00007ff828b2c000 	/System/Library/PrivateFrameworks/LocationSupport.framework/Versions/A/LocationSupport
0x00007ffb2173a000 	/System/Library/PrivateFrameworks/GeoServicesCore.framework/Versions/A/GeoServicesCore
0x00007ff91cc90000 	/System/Library/PrivateFrameworks/PhoneNumbers.framework/Versions/A/PhoneNumbers
0x00007ff82dc7b000 	/System/Library/Frameworks/CoreTelephony.framework/Versions/A/CoreTelephony
0x00007ff830ede000 	/System/Library/PrivateFrameworks/CoreDuetDebugLogging.framework/Versions/A/CoreDuetDebugLogging
0x00007ff822a82000 	/System/Library/PrivateFrameworks/ApplePushService.framework/Versions/A/ApplePushService
0x00007ff822ad1000 	/System/Library/Frameworks/CloudKit.framework/Versions/A/CloudKit
0x00007ff830ee1000 	/System/Library/PrivateFrameworks/CoreDuetDaemonProtocol.framework/Versions/A/CoreDuetDaemonProtocol
0x00007ff82e4c5000 	/System/Library/PrivateFrameworks/Rapport.framework/Versions/A/Rapport
0x00007ff8217db000 	/System/Library/PrivateFrameworks/CommonUtilities.framework/Versions/A/CommonUtilities
0x00007ff82952e000 	/usr/lib/libTelephonyUtilDynamic.dylib
0x00007ff8273d6000 	/System/Library/PrivateFrameworks/Bom.framework/Versions/A/Bom
0x00007ff828df9000 	/usr/lib/libParallelCompression.dylib
0x00007ff83015f000 	/System/Library/PrivateFrameworks/C2.framework/Versions/A/C2
0x00007ffb1d6ac000 	/System/Library/PrivateFrameworks/CloudKitDistributedSync.framework/Versions/A/CloudKitDistributedSync
0x00007ff830157000 	/System/Library/Frameworks/PushKit.framework/Versions/A/PushKit
0x00007ff82e4bb000 	/System/Library/PrivateFrameworks/CoreTime.framework/Versions/A/CoreTime


VM Arguments:
jvm_args: -Dfile.encoding=UTF-8 -Duser.country=GB -Duser.language=en -Duser.variant 
java_command: com.mygdx.game.DesktopLauncher
java_class_path (initial): /Users/rajpratapsingh/Desktop/AP_FINAL_BOMB/desktop/build/classes/java/main:/Users/rajpratapsingh/Desktop/AP_FINAL_BOMB/desktop/build/resources/main:/Users/rajpratapsingh/.gradle/caches/modules-2/files-2.1/com.badlogicgames.gdx/gdx-backend-lwjgl3/1.11.0/58a96db4cd349be4292d547856aa1e1c5f065f4e/gdx-backend-lwjgl3-1.11.0.jar:/Users/rajpratapsingh/.gradle/caches/modules-2/files-2.1/com.badlogicgames.gdx/gdx-platform/1.11.0/697fb13eada6d3c6ca648c9788692b0159add126/gdx-platform-1.11.0-natives-desktop.jar:/Users/rajpratapsingh/.gradle/caches/modules-2/files-2.1/com.badlogicgames.gdx/gdx-bullet-platform/1.11.0/2c067b913a306ba26d482075297538ad91cdb88b/gdx-bullet-platform-1.11.0-natives-desktop.jar:/Users/rajpratapsingh/.gradle/caches/modules-2/files-2.1/com.badlogicgames.gdx/gdx-freetype-platform/1.11.0/420e2c2c206843a0d51010be28a141a1eb946235/gdx-freetype-platform-1.11.0-natives-desktop.jar:/Users/rajpratapsingh/.gradle/caches/modules-2/files-2.1/com.badlogicgames.gdx-controllers/gdx-controllers-desktop/2.2.1/cb3430c32468a090eca54d494d16bb3764ceff9b/gdx-controllers-desktop-2.2.1.jar:/Users/rajpratapsingh/.gradle/caches/modules-2/files-2.1/com.badlogicgames.gdx/gdx-box2d-platform/1.11.0/62ff9baa1e57a11e0a4428a38c9660bf9f312fdc/gdx-box2d-platform-1.11.0-natives-desktop.jar:/Users/rajpratapsingh/Desktop/AP_FINAL_BOMB/core/build/libs/core-1.0.jar:/Users/rajpratapsingh/.gradle/caches/modules-2/files-2.1/com.badlogicgames.gdx-controllers/gdx-controllers-core/2.2.1/8aca0dc002a8daf6a6d28f49c44e25189dd93fd7/gdx-controllers-core-2.2.1.jar:/Users/rajpratapsingh/.gradle/caches/modules-2/files-2.1/com.badlogicgames.gdx/gdx-bullet/1.11.0/1eb83845fa655e7e8ab6bbb979d28b0502ad3302/gdx-bullet-1.11.0.jar:/Users/rajpratapsingh/.gradle/caches/modules-2/files-2.1/com.badlogicgames.gdx/gdx-freetype/1.11.0/a3634ad2e6c56d251268d6ab5c0f66eee2841f2c/gdx-freetype-1.11.0.jar:/Users/rajpratapsingh/.gradle/caches/modules-2/files-2.1/com.badlogicgames.box2dlights/box2dlights/
Launcher Type: SUN_STANDARD

[Global flags]
     intx CICompilerCount                          = 3                                         {product} {ergonomic}
     uint ConcGCThreads                            = 1                                         {product} {ergonomic}
     uint G1ConcRefinementThreads                  = 4                                         {product} {ergonomic}
   size_t G1HeapRegionSize                         = 1048576                                   {product} {ergonomic}
    uintx GCDrainStackTargetSize                   = 64                                        {product} {ergonomic}
   size_t InitialHeapSize                          = 134217728                                 {product} {ergonomic}
   size_t MarkStackSize                            = 4194304                                   {product} {ergonomic}
   size_t MaxHeapSize                              = 2147483648                                {product} {ergonomic}
   size_t MaxNewSize                               = 1287651328                                {product} {ergonomic}
   size_t MinHeapDeltaBytes                        = 1048576                                   {product} {ergonomic}
   size_t MinHeapSize                              = 8388608                                   {product} {ergonomic}
    uintx NonNMethodCodeHeapSize                   = 5832780                                {pd product} {ergonomic}
    uintx NonProfiledCodeHeapSize                  = 122912730                              {pd product} {ergonomic}
    uintx ProfiledCodeHeapSize                     = 122912730                              {pd product} {ergonomic}
    uintx ReservedCodeCacheSize                    = 251658240                              {pd product} {ergonomic}
     bool SegmentedCodeCache                       = true                                      {product} {ergonomic}
   size_t SoftMaxHeapSize                          = 2147483648                             {manageable} {ergonomic}
     bool UseCompressedClassPointers               = true                           {product lp64_product} {ergonomic}
     bool UseCompressedOops                        = true                           {product lp64_product} {ergonomic}
     bool UseG1GC                                  = true                                      {product} {ergonomic}
     bool UseNUMA                                  = false                                     {product} {ergonomic}
     bool UseNUMAInterleaving                      = false                                     {product} {ergonomic}

Logging:
Log output configuration:
 #0: stdout all=warning uptime,level,tags
 #1: stderr all=off uptime,level,tags

Environment Variables:
PATH=/Library/Frameworks/Python.framework/Versions/3.7/bin:/Library/Frameworks/Python.framework/Versions/3.11/bin:/usr/local/bin:/usr/bin:/bin:/usr/sbin:/sbin
SHELL=/bin/zsh
LC_CTYPE=en_GB.UTF-8

Signal Handlers:
   SIGSEGV: _ZL13crash_handleriP9__siginfoPv in libjvm.dylib, mask=11100110000111110111111111111111, flags=SA_RESTART|SA_SIGINFO
    SIGBUS: _ZL13crash_handleriP9__siginfoPv in libjvm.dylib, mask=11100110000111110111111111111111, flags=SA_RESTART|SA_SIGINFO
    SIGFPE: _ZL13crash_handleriP9__siginfoPv in libjvm.dylib, mask=11100110000111110111111111111111, flags=SA_RESTART|SA_SIGINFO
   SIGPIPE: _ZL17javaSignalHandleriP9__siginfoPv in libjvm.dylib, mask=11100110000111110111111111111111, flags=SA_RESTART|SA_SIGINFO
   SIGXFSZ: _ZL17javaSignalHandleriP9__siginfoPv in libjvm.dylib, mask=11100110000111110111111111111111, flags=SA_RESTART|SA_SIGINFO
    SIGILL: _ZL13crash_handleriP9__siginfoPv in libjvm.dylib, mask=11100110000111110111111111111111, flags=SA_RESTART|SA_SIGINFO
   SIGUSR2: _ZL10SR_handleriP9__siginfoP17__darwin_ucontext in libjvm.dylib, mask=00100000000000000000000000000000, flags=SA_RESTART|SA_SIGINFO
    SIGHUP: _ZL11UserHandleriPvS_ in libjvm.dylib, mask=11100110000111110111111111111111, flags=SA_RESTART|SA_SIGINFO
    SIGINT: _ZL11UserHandleriPvS_ in libjvm.dylib, mask=11100110000111110111111111111111, flags=SA_RESTART|SA_SIGINFO
   SIGTERM: _ZL11UserHandleriPvS_ in libjvm.dylib, mask=11100110000111110111111111111111, flags=SA_RESTART|SA_SIGINFO
   SIGQUIT: _ZL11UserHandleriPvS_ in libjvm.dylib, mask=11100110000111110111111111111111, flags=SA_RESTART|SA_SIGINFO
   SIGTRAP: _ZL13crash_handleriP9__siginfoPv in libjvm.dylib, mask=11100110000111110111111111111111, flags=SA_RESTART|SA_SIGINFO


---------------  S Y S T E M  ---------------

OS:
uname: Darwin 21.6.0 Darwin Kernel Version 21.6.0: Thu Sep 29 20:12:57 PDT 2022; root:xnu-8020.240.7~1/RELEASE_X86_64 x86_64
OS uptime: 3 days 2:42 hours
rlimit (soft/hard): STACK 8192k/65532k , CORE 0k/infinity , NPROC 1392/2088 , NOFILE 10240/infinity , AS infinity/infinity , CPU infinity/infinity , DATA infinity/infinity , FSIZE infinity/infinity , MEMLOCK infinity/infinity , RSS infinity/infinity
load average: 7.00 4.49 4.28

CPU: total 4 (initial active 4) (2 cores per cpu, 2 threads per core) family 6 model 61 stepping 4 microcode 0x2f, cx8, cmov, fxsr, ht, mmx, 3dnowpref, sse, sse2, sse3, ssse3, sse4.1, sse4.2, popcnt, lzcnt, tsc, tscinvbit, avx, avx2, aes, erms, clmul, bmi1, bmi2, rtm, adx, fma, vzeroupper, clflush

Memory: 4k page, physical 8388608k(44456k free), swap 2097152k(1352960k free)

vm_info: Java HotSpot(TM) 64-Bit Server VM (17.0.4.1+1-LTS-2) for bsd-amd64 JRE (17.0.4.1+1-LTS-2), built on Aug 16 2022 17:35:19 by "mach5one" with clang Apple LLVM 12.0.0 (clang-1200.0.32.29)

END.
